07.02.2021 09:22:07.541 0 DEBUG     TemplateLoader: path=/home/stefan/Programmierung/Qt/QtWebApp/Demo1/etc/templates, codec=UTF-8
07.02.2021 09:22:07.541 0 DEBUG     TemplateCache: timeout=60000, size=1000000
07.02.2021 09:22:07.541 0 DEBUG     HttpSessionStore: Sessions expire after 3600000 milliseconds
07.02.2021 09:22:07.541 0 DEBUG     StaticFileController: docroot=/home/stefan/Programmierung/Qt/QtWebApp/Demo1/etc/docroot, encoding=UTF-8, maxAge=60000
07.02.2021 09:22:07.541 0 DEBUG     StaticFileController: cache timeout=60000, size=1000000
07.02.2021 09:22:07.541 0 DEBUG     RequestMapper: created
07.02.2021 09:22:07.580 0 DEBUG     HttpListener: Listening on port 8080
07.02.2021 09:22:07.580 1 WARNING   Application has started
07.02.2021 09:22:54.416 0 DEBUG     TemplateLoader: path=/home/stefan/Programmierung/Qt/QtWebApp/Demo1/etc/templates, codec=UTF-8
07.02.2021 09:22:54.416 0 DEBUG     TemplateCache: timeout=60000, size=1000000
07.02.2021 09:22:54.416 0 DEBUG     HttpSessionStore: Sessions expire after 3600000 milliseconds
07.02.2021 09:22:54.416 0 DEBUG     StaticFileController: docroot=/home/stefan/Programmierung/Qt/QtWebApp/Demo1/etc/docroot, encoding=UTF-8, maxAge=60000
07.02.2021 09:22:54.416 0 DEBUG     StaticFileController: cache timeout=60000, size=1000000
07.02.2021 09:22:54.416 0 DEBUG     RequestMapper: created
07.02.2021 09:22:54.416 0 DEBUG     HttpListener: Listening on port 8080
07.02.2021 09:22:54.416 1 WARNING   Application has started
07.02.2021 10:03:52.363 0 DEBUG     TemplateLoader: path=/home/stefan/Programmierung/Qt/QtWebApp/Demo1/etc/templates, codec=UTF-8
07.02.2021 10:03:52.363 0 DEBUG     TemplateCache: timeout=60000, size=1000000
07.02.2021 10:03:52.363 0 DEBUG     HttpSessionStore: Sessions expire after 3600000 milliseconds
07.02.2021 10:03:52.363 0 DEBUG     StaticFileController: docroot=/home/stefan/Programmierung/Qt/QtWebApp/Demo1/etc/docroot, encoding=UTF-8, maxAge=60000
07.02.2021 10:03:52.363 0 DEBUG     StaticFileController: cache timeout=60000, size=1000000
07.02.2021 10:03:52.363 0 DEBUG     RequestMapper: created
07.02.2021 10:03:52.364 0 DEBUG     HttpListener: Listening on port 8080
07.02.2021 10:03:52.364 1 WARNING   Application has started
07.02.2021 10:07:36.300 0 DEBUG     TemplateLoader: path=/home/stefan/Programmierung/Qt/QtWebApp/Demo1/etc/templates, codec=UTF-8
07.02.2021 10:07:36.300 0 DEBUG     TemplateCache: timeout=60000, size=1000000
07.02.2021 10:07:36.300 0 DEBUG     HttpSessionStore: Sessions expire after 3600000 milliseconds
07.02.2021 10:07:36.300 0 DEBUG     StaticFileController: docroot=/home/stefan/Programmierung/Qt/QtWebApp/Demo1/etc/docroot, encoding=UTF-8, maxAge=60000
07.02.2021 10:07:36.300 0 DEBUG     StaticFileController: cache timeout=60000, size=1000000
07.02.2021 10:07:36.300 0 DEBUG     RequestMapper: created
07.02.2021 10:07:36.301 0 DEBUG     HttpListener: Listening on port 8080
07.02.2021 10:07:36.301 1 WARNING   Application has started
07.02.2021 10:09:20.738 0 DEBUG     TemplateLoader: path=/home/stefan/Programmierung/Qt/QtWebApp/Demo1/etc/templates, codec=UTF-8
07.02.2021 10:09:20.738 0 DEBUG     TemplateCache: timeout=60000, size=1000000
07.02.2021 10:09:20.738 0 DEBUG     HttpSessionStore: Sessions expire after 3600000 milliseconds
07.02.2021 10:09:20.738 0 DEBUG     StaticFileController: docroot=/home/stefan/Programmierung/Qt/QtWebApp/Demo1/etc/docroot, encoding=UTF-8, maxAge=60000
07.02.2021 10:09:20.738 0 DEBUG     StaticFileController: cache timeout=60000, size=1000000
07.02.2021 10:09:20.738 0 DEBUG     RequestMapper: created
07.02.2021 10:09:20.738 0 DEBUG     HttpListener: Listening on port 8080
07.02.2021 10:09:20.738 1 WARNING   Application has started
08.03.2021 17:31:19.438 0 DEBUG    0x7fd32bf62440 TemplateLoader: path=/home/stefan/Programmierung/Qt/QtWebApp/Demo1/etc/templates, codec=UTF-8
08.03.2021 17:31:19.438 0 DEBUG    0x7fd32bf62440 TemplateCache: timeout=60000, size=1000000
08.03.2021 17:31:19.438 0 DEBUG    0x7fd32bf62440 HttpSessionStore: Sessions expire after 3600000 milliseconds
08.03.2021 17:31:19.438 0 DEBUG    0x7fd32bf62440 StaticFileController: docroot=/home/stefan/Programmierung/Qt/QtWebApp/Demo1/etc/docroot, encoding=UTF-8, maxAge=60000
08.03.2021 17:31:19.438 0 DEBUG    0x7fd32bf62440 StaticFileController: cache timeout=60000, size=1000000
08.03.2021 17:31:19.438 0 DEBUG    0x7fd32bf62440 RequestMapper: created
08.03.2021 17:31:19.477 0 DEBUG    0x7fd32bf62440 HttpListener: Listening on port 8080
08.03.2021 17:31:19.477 1 WARNING  0x7fd32bf62440 Application has started
08.03.2021 17:31:30.769 0 DEBUG    0x7fdfee2e1440 TemplateLoader: path=/home/stefan/Programmierung/Qt/QtWebApp/Demo1/etc/templates, codec=UTF-8
08.03.2021 17:31:30.769 0 DEBUG    0x7fdfee2e1440 TemplateCache: timeout=60000, size=1000000
08.03.2021 17:31:30.769 0 DEBUG    0x7fdfee2e1440 HttpSessionStore: Sessions expire after 3600000 milliseconds
08.03.2021 17:31:30.769 0 DEBUG    0x7fdfee2e1440 StaticFileController: docroot=/home/stefan/Programmierung/Qt/QtWebApp/Demo1/etc/docroot, encoding=UTF-8, maxAge=60000
08.03.2021 17:31:30.769 0 DEBUG    0x7fdfee2e1440 StaticFileController: cache timeout=60000, size=1000000
08.03.2021 17:31:30.769 0 DEBUG    0x7fdfee2e1440 RequestMapper: created
08.03.2021 17:31:30.769 2 CRITICAL 0x7fdfee2e1440 HttpListener: Cannot bind on port 8080: The bound address is already in use
08.03.2021 17:31:30.769 1 WARNING  0x7fdfee2e1440 Application has started
08.03.2021 17:33:38.906 0 DEBUG    0x7fc7599007c0 TemplateLoader: path=/home/stefan/Programmierung/Qt/QtWebApp/Demo1/etc/templates, codec=UTF-8
08.03.2021 17:33:38.906 0 DEBUG    0x7fc7599007c0 TemplateCache: timeout=60000, size=1000000
08.03.2021 17:33:38.907 0 DEBUG    0x7fc7599007c0 HttpSessionStore: Sessions expire after 3600000 milliseconds
08.03.2021 17:33:38.907 0 DEBUG    0x7fc7599007c0 StaticFileController: docroot=/home/stefan/Programmierung/Qt/QtWebApp/Demo1/etc/docroot, encoding=UTF-8, maxAge=60000
08.03.2021 17:33:38.907 0 DEBUG    0x7fc7599007c0 StaticFileController: cache timeout=60000, size=1000000
08.03.2021 17:33:38.907 0 DEBUG    0x7fc7599007c0 RequestMapper: created
08.03.2021 17:33:38.938 0 DEBUG    0x7fc7599007c0 HttpListener: Listening on port 8080
08.03.2021 17:33:38.938 1 WARNING  0x7fc7599007c0 Application has started
09.03.2021 19:17:24.441 0 DEBUG    0x7fafd8c547c0 TemplateLoader: path=/home/stefan/Programmierung/Qt/QtWebApp/Demo1/etc/templates, codec=UTF-8
09.03.2021 19:17:24.441 0 DEBUG    0x7fafd8c547c0 TemplateCache: timeout=60000, size=1000000
09.03.2021 19:17:24.442 0 DEBUG    0x7fafd8c547c0 HttpSessionStore: Sessions expire after 3600000 milliseconds
09.03.2021 19:17:24.442 0 DEBUG    0x7fafd8c547c0 StaticFileController: docroot=/home/stefan/Programmierung/Qt/QtWebApp/Demo1/etc/docroot, encoding=UTF-8, maxAge=60000
09.03.2021 19:17:24.442 0 DEBUG    0x7fafd8c547c0 StaticFileController: cache timeout=60000, size=1000000
09.03.2021 19:17:24.442 0 DEBUG    0x7fafd8c547c0 RequestMapper: created
09.03.2021 19:17:24.473 0 DEBUG    0x7fafd8c547c0 HttpListener: Listening on port 8080
09.03.2021 19:17:24.473 1 WARNING  0x7fafd8c547c0 Application has started
09.03.2021 19:18:37.050 0 DEBUG    0x7f17a6c207c0 TemplateLoader: path=/home/stefan/Programmierung/Qt/QtWebApp/Demo1/etc/templates, codec=UTF-8
09.03.2021 19:18:37.050 0 DEBUG    0x7f17a6c207c0 TemplateCache: timeout=60000, size=1000000
09.03.2021 19:18:37.050 0 DEBUG    0x7f17a6c207c0 HttpSessionStore: Sessions expire after 3600000 milliseconds
09.03.2021 19:18:37.050 0 DEBUG    0x7f17a6c207c0 StaticFileController: docroot=/home/stefan/Programmierung/Qt/QtWebApp/Demo1/etc/docroot, encoding=UTF-8, maxAge=60000
09.03.2021 19:18:37.050 0 DEBUG    0x7f17a6c207c0 StaticFileController: cache timeout=60000, size=1000000
09.03.2021 19:18:37.051 0 DEBUG    0x7f17a6c207c0 RequestMapper: created
09.03.2021 19:18:37.051 0 DEBUG    0x7f17a6c207c0 HttpListener: Listening on port 8080
09.03.2021 19:18:37.051 1 WARNING  0x7f17a6c207c0 Application has started
09.03.2021 19:19:10.789 0 DEBUG    0x7f2368ce5440 TemplateLoader: path=/home/stefan/Programmierung/Qt/QtWebApp/Demo1/etc/templates, codec=UTF-8
09.03.2021 19:19:10.789 0 DEBUG    0x7f2368ce5440 TemplateCache: timeout=60000, size=1000000
09.03.2021 19:19:10.789 0 DEBUG    0x7f2368ce5440 HttpSessionStore: Sessions expire after 3600000 milliseconds
09.03.2021 19:19:10.789 0 DEBUG    0x7f2368ce5440 StaticFileController: docroot=/home/stefan/Programmierung/Qt/QtWebApp/Demo1/etc/docroot, encoding=UTF-8, maxAge=60000
09.03.2021 19:19:10.789 0 DEBUG    0x7f2368ce5440 StaticFileController: cache timeout=60000, size=1000000
09.03.2021 19:19:10.789 0 DEBUG    0x7f2368ce5440 RequestMapper: created
09.03.2021 19:19:10.828 0 DEBUG    0x7f2368ce5440 HttpListener: Listening on port 8080
09.03.2021 19:19:10.828 1 WARNING  0x7f2368ce5440 Application has started
21.03.2021 09:01:45.437 0 DEBUG    0x7f94f10d1440 TemplateLoader: path=/home/stefan/Programmierung/Qt/QtWebApp/Demo1/etc/templates, codec=UTF-8
21.03.2021 09:01:45.437 0 DEBUG    0x7f94f10d1440 TemplateCache: timeout=60000, size=1000000
21.03.2021 09:01:45.437 0 DEBUG    0x7f94f10d1440 HttpSessionStore: Sessions expire after 3600000 milliseconds
21.03.2021 09:01:45.437 0 DEBUG    0x7f94f10d1440 StaticFileController: docroot=/home/stefan/Programmierung/Qt/QtWebApp/Demo1/etc/docroot, encoding=UTF-8, maxAge=60000
21.03.2021 09:01:45.437 0 DEBUG    0x7f94f10d1440 StaticFileController: cache timeout=60000, size=1000000
21.03.2021 09:01:45.437 0 DEBUG    0x7f94f10d1440 RequestMapper: created
21.03.2021 09:01:45.476 0 DEBUG    0x7f94f10d1440 HttpListener: Listening on port 8080
21.03.2021 09:01:45.476 1 WARNING  0x7f94f10d1440 Application has started
21.03.2021 09:03:09.985 0 DEBUG    0x7f0283153440 TemplateLoader: path=/home/stefan/Programmierung/Qt/QtWebApp/Demo1/etc/templates, codec=UTF-8
21.03.2021 09:03:09.985 0 DEBUG    0x7f0283153440 TemplateCache: timeout=60000, size=1000000
21.03.2021 09:03:09.985 0 DEBUG    0x7f0283153440 HttpSessionStore: Sessions expire after 3600000 milliseconds
21.03.2021 09:03:09.985 0 DEBUG    0x7f0283153440 StaticFileController: docroot=/home/stefan/Programmierung/Qt/QtWebApp/Demo1/etc/docroot, encoding=UTF-8, maxAge=60000
21.03.2021 09:03:09.986 0 DEBUG    0x7f0283153440 StaticFileController: cache timeout=60000, size=1000000
21.03.2021 09:03:09.986 0 DEBUG    0x7f0283153440 RequestMapper: created
21.03.2021 09:03:09.986 2 CRITICAL 0x7f0283153440 HttpListener: Cannot bind on port 8080: The bound address is already in use
21.03.2021 09:03:09.986 1 WARNING  0x7f0283153440 Application has started
21.03.2021 09:03:19.443 0 DEBUG    0x7f2583614440 TemplateLoader: path=/home/stefan/Programmierung/Qt/QtWebApp/Demo1/etc/templates, codec=UTF-8
21.03.2021 09:03:19.443 0 DEBUG    0x7f2583614440 TemplateCache: timeout=60000, size=1000000
21.03.2021 09:03:19.443 0 DEBUG    0x7f2583614440 HttpSessionStore: Sessions expire after 3600000 milliseconds
21.03.2021 09:03:19.443 0 DEBUG    0x7f2583614440 StaticFileController: docroot=/home/stefan/Programmierung/Qt/QtWebApp/Demo1/etc/docroot, encoding=UTF-8, maxAge=60000
21.03.2021 09:03:19.443 0 DEBUG    0x7f2583614440 StaticFileController: cache timeout=60000, size=1000000
21.03.2021 09:03:19.443 0 DEBUG    0x7f2583614440 RequestMapper: created
21.03.2021 09:03:19.443 0 DEBUG    0x7f2583614440 HttpListener: Listening on port 8080
21.03.2021 09:03:19.443 1 WARNING  0x7f2583614440 Application has started
21.03.2021 09:05:52.380 0 DEBUG    0x7fce4408e440 TemplateLoader: path=/home/stefan/Programmierung/Qt/QtWebApp/Demo1/etc/templates, codec=UTF-8
21.03.2021 09:05:52.380 0 DEBUG    0x7fce4408e440 TemplateCache: timeout=60000, size=1000000
21.03.2021 09:05:52.380 0 DEBUG    0x7fce4408e440 HttpSessionStore: Sessions expire after 3600000 milliseconds
21.03.2021 09:05:52.380 0 DEBUG    0x7fce4408e440 StaticFileController: docroot=/home/stefan/Programmierung/Qt/QtWebApp/Demo1/etc/docroot, encoding=UTF-8, maxAge=60000
21.03.2021 09:05:52.380 0 DEBUG    0x7fce4408e440 StaticFileController: cache timeout=60000, size=1000000
21.03.2021 09:05:52.380 0 DEBUG    0x7fce4408e440 RequestMapper: created
21.03.2021 09:05:52.380 0 DEBUG    0x7fce4408e440 HttpListener: Listening on port 8080
21.03.2021 09:05:52.380 1 WARNING  0x7fce4408e440 Application has started
21.03.2021 09:07:52.502 0 DEBUG    0x7ffff495b440 TemplateLoader: path=/home/stefan/Programmierung/Qt/QtWebApp/Demo1/etc/templates, codec=UTF-8
21.03.2021 09:07:52.502 0 DEBUG    0x7ffff495b440 TemplateCache: timeout=60000, size=1000000
21.03.2021 09:07:52.502 0 DEBUG    0x7ffff495b440 HttpSessionStore: Sessions expire after 3600000 milliseconds
21.03.2021 09:07:52.502 0 DEBUG    0x7ffff495b440 StaticFileController: docroot=/home/stefan/Programmierung/Qt/QtWebApp/Demo1/etc/docroot, encoding=UTF-8, maxAge=60000
21.03.2021 09:07:52.502 0 DEBUG    0x7ffff495b440 StaticFileController: cache timeout=60000, size=1000000
21.03.2021 09:07:52.502 0 DEBUG    0x7ffff495b440 RequestMapper: created
21.03.2021 09:07:52.502 0 DEBUG    0x7ffff495b440 HttpListener: Listening on port 8080
21.03.2021 09:07:52.502 1 WARNING  0x7ffff495b440 Application has started
21.03.2021 09:08:20.027 0 DEBUG    0x7ff7f73a9440 TemplateLoader: path=/home/stefan/Programmierung/Qt/QtWebApp/Demo1/etc/templates, codec=UTF-8
21.03.2021 09:08:20.027 0 DEBUG    0x7ff7f73a9440 TemplateCache: timeout=60000, size=1000000
21.03.2021 09:08:20.027 0 DEBUG    0x7ff7f73a9440 HttpSessionStore: Sessions expire after 3600000 milliseconds
21.03.2021 09:08:20.027 0 DEBUG    0x7ff7f73a9440 StaticFileController: docroot=/home/stefan/Programmierung/Qt/QtWebApp/Demo1/etc/docroot, encoding=UTF-8, maxAge=60000
21.03.2021 09:08:20.027 0 DEBUG    0x7ff7f73a9440 StaticFileController: cache timeout=60000, size=1000000
21.03.2021 09:08:20.027 0 DEBUG    0x7ff7f73a9440 RequestMapper: created
21.03.2021 09:08:20.027 2 CRITICAL 0x7ff7f73a9440 HttpListener: Cannot bind on port 8080: The bound address is already in use
21.03.2021 09:08:20.027 1 WARNING  0x7ff7f73a9440 Application has started
21.03.2021 09:08:27.174 0 DEBUG    0x7f4366878440 TemplateLoader: path=/home/stefan/Programmierung/Qt/QtWebApp/Demo1/etc/templates, codec=UTF-8
21.03.2021 09:08:27.174 0 DEBUG    0x7f4366878440 TemplateCache: timeout=60000, size=1000000
21.03.2021 09:08:27.174 0 DEBUG    0x7f4366878440 HttpSessionStore: Sessions expire after 3600000 milliseconds
21.03.2021 09:08:27.174 0 DEBUG    0x7f4366878440 StaticFileController: docroot=/home/stefan/Programmierung/Qt/QtWebApp/Demo1/etc/docroot, encoding=UTF-8, maxAge=60000
21.03.2021 09:08:27.174 0 DEBUG    0x7f4366878440 StaticFileController: cache timeout=60000, size=1000000
21.03.2021 09:08:27.174 0 DEBUG    0x7f4366878440 RequestMapper: created
21.03.2021 09:08:27.174 2 CRITICAL 0x7f4366878440 HttpListener: Cannot bind on port 8080: The bound address is already in use
21.03.2021 09:08:27.174 1 WARNING  0x7f4366878440 Application has started
21.03.2021 09:08:30.642 0 DEBUG    0x7f22f8167440 TemplateLoader: path=/home/stefan/Programmierung/Qt/QtWebApp/Demo1/etc/templates, codec=UTF-8
21.03.2021 09:08:30.642 0 DEBUG    0x7f22f8167440 TemplateCache: timeout=60000, size=1000000
21.03.2021 09:08:30.642 0 DEBUG    0x7f22f8167440 HttpSessionStore: Sessions expire after 3600000 milliseconds
21.03.2021 09:08:30.642 0 DEBUG    0x7f22f8167440 StaticFileController: docroot=/home/stefan/Programmierung/Qt/QtWebApp/Demo1/etc/docroot, encoding=UTF-8, maxAge=60000
21.03.2021 09:08:30.642 0 DEBUG    0x7f22f8167440 StaticFileController: cache timeout=60000, size=1000000
21.03.2021 09:08:30.642 0 DEBUG    0x7f22f8167440 RequestMapper: created
21.03.2021 09:08:30.642 2 CRITICAL 0x7f22f8167440 HttpListener: Cannot bind on port 8080: The bound address is already in use
21.03.2021 09:08:31.334 0 DEBUG    0x7f6027a17440 TemplateLoader: path=/home/stefan/Programmierung/Qt/QtWebApp/Demo1/etc/templates, codec=UTF-8
21.03.2021 09:08:31.334 0 DEBUG    0x7f6027a17440 TemplateCache: timeout=60000, size=1000000
21.03.2021 09:08:31.334 0 DEBUG    0x7f6027a17440 HttpSessionStore: Sessions expire after 3600000 milliseconds
21.03.2021 09:08:31.334 0 DEBUG    0x7f6027a17440 StaticFileController: docroot=/home/stefan/Programmierung/Qt/QtWebApp/Demo1/etc/docroot, encoding=UTF-8, maxAge=60000
21.03.2021 09:08:31.334 0 DEBUG    0x7f6027a17440 StaticFileController: cache timeout=60000, size=1000000
21.03.2021 09:08:31.334 0 DEBUG    0x7f6027a17440 RequestMapper: created
21.03.2021 09:08:31.334 2 CRITICAL 0x7f6027a17440 HttpListener: Cannot bind on port 8080: The bound address is already in use
21.03.2021 09:08:30.642 1 WARNING  0x7f22f8167440 Application has started
21.03.2021 09:08:31.334 1 WARNING  0x7f6027a17440 Application has started
21.03.2021 09:08:48.627 0 DEBUG    0x7f1c6debb440 TemplateLoader: path=/home/stefan/Programmierung/Qt/QtWebApp/Demo1/etc/templates, codec=UTF-8
21.03.2021 09:08:48.627 0 DEBUG    0x7f1c6debb440 TemplateCache: timeout=60000, size=1000000
21.03.2021 09:08:48.627 0 DEBUG    0x7f1c6debb440 HttpSessionStore: Sessions expire after 3600000 milliseconds
21.03.2021 09:08:48.627 0 DEBUG    0x7f1c6debb440 StaticFileController: docroot=/home/stefan/Programmierung/Qt/QtWebApp/Demo1/etc/docroot, encoding=UTF-8, maxAge=60000
21.03.2021 09:08:48.627 0 DEBUG    0x7f1c6debb440 StaticFileController: cache timeout=60000, size=1000000
21.03.2021 09:08:48.627 0 DEBUG    0x7f1c6debb440 RequestMapper: created
21.03.2021 09:08:48.627 0 DEBUG    0x7f1c6debb440 HttpListener: Listening on port 8080
21.03.2021 09:08:48.627 1 WARNING  0x7f1c6debb440 Application has started
21.03.2021 09:11:14.359 0 DEBUG    0x7fac04cb2440 TemplateLoader: path=/home/stefan/Programmierung/Qt/QtWebApp/Demo1/etc/templates, codec=UTF-8
21.03.2021 09:11:14.360 0 DEBUG    0x7fac04cb2440 TemplateCache: timeout=60000, size=1000000
21.03.2021 09:11:14.360 0 DEBUG    0x7fac04cb2440 HttpSessionStore: Sessions expire after 3600000 milliseconds
21.03.2021 09:11:14.360 0 DEBUG    0x7fac04cb2440 StaticFileController: docroot=/home/stefan/Programmierung/Qt/QtWebApp/Demo1/etc/docroot, encoding=UTF-8, maxAge=60000
21.03.2021 09:11:14.360 0 DEBUG    0x7fac04cb2440 StaticFileController: cache timeout=60000, size=1000000
21.03.2021 09:11:14.360 0 DEBUG    0x7fac04cb2440 RequestMapper: created
21.03.2021 09:11:14.360 2 CRITICAL 0x7fac04cb2440 HttpListener: Cannot bind on port 8080: The bound address is already in use
21.03.2021 09:11:14.360 1 WARNING  0x7fac04cb2440 Application has started
21.03.2021 09:11:22.866 0 DEBUG    0x7f8838ed0440 TemplateLoader: path=/home/stefan/Programmierung/Qt/QtWebApp/Demo1/etc/templates, codec=UTF-8
21.03.2021 09:11:22.866 0 DEBUG    0x7f8838ed0440 TemplateCache: timeout=60000, size=1000000
21.03.2021 09:11:22.866 0 DEBUG    0x7f8838ed0440 HttpSessionStore: Sessions expire after 3600000 milliseconds
21.03.2021 09:11:22.866 0 DEBUG    0x7f8838ed0440 StaticFileController: docroot=/home/stefan/Programmierung/Qt/QtWebApp/Demo1/etc/docroot, encoding=UTF-8, maxAge=60000
21.03.2021 09:11:22.866 0 DEBUG    0x7f8838ed0440 StaticFileController: cache timeout=60000, size=1000000
21.03.2021 09:11:22.866 0 DEBUG    0x7f8838ed0440 RequestMapper: created
21.03.2021 09:11:22.866 0 DEBUG    0x7f8838ed0440 HttpListener: Listening on port 8080
21.03.2021 09:11:22.866 1 WARNING  0x7f8838ed0440 Application has started
21.03.2021 09:12:21.050 0 DEBUG    0x7f07e404c440 TemplateLoader: path=/home/stefan/Programmierung/Qt/QtWebApp/Demo1/etc/templates, codec=UTF-8
21.03.2021 09:12:21.050 0 DEBUG    0x7f07e404c440 TemplateCache: timeout=60000, size=1000000
21.03.2021 09:12:21.050 0 DEBUG    0x7f07e404c440 HttpSessionStore: Sessions expire after 3600000 milliseconds
21.03.2021 09:12:21.050 0 DEBUG    0x7f07e404c440 StaticFileController: docroot=/home/stefan/Programmierung/Qt/QtWebApp/Demo1/etc/docroot, encoding=UTF-8, maxAge=60000
21.03.2021 09:12:21.050 0 DEBUG    0x7f07e404c440 StaticFileController: cache timeout=60000, size=1000000
21.03.2021 09:12:21.050 0 DEBUG    0x7f07e404c440 RequestMapper: created
21.03.2021 09:12:21.050 0 DEBUG    0x7f07e404c440 HttpListener: Listening on port 8080
21.03.2021 09:12:21.050 1 WARNING  0x7f07e404c440 Application has started
21.03.2021 09:13:10.279 0 DEBUG    0x7f9c802e0440 TemplateLoader: path=/home/stefan/Programmierung/Qt/QtWebApp/Demo1/etc/templates, codec=UTF-8
21.03.2021 09:13:10.279 0 DEBUG    0x7f9c802e0440 TemplateCache: timeout=60000, size=1000000
21.03.2021 09:13:10.279 0 DEBUG    0x7f9c802e0440 HttpSessionStore: Sessions expire after 3600000 milliseconds
21.03.2021 09:13:10.279 0 DEBUG    0x7f9c802e0440 StaticFileController: docroot=/home/stefan/Programmierung/Qt/QtWebApp/Demo1/etc/docroot, encoding=UTF-8, maxAge=60000
21.03.2021 09:13:10.279 0 DEBUG    0x7f9c802e0440 StaticFileController: cache timeout=60000, size=1000000
21.03.2021 09:13:10.279 0 DEBUG    0x7f9c802e0440 RequestMapper: created
21.03.2021 09:13:10.279 0 DEBUG    0x7f9c802e0440 HttpListener: Listening on port 8080
21.03.2021 09:13:10.279 1 WARNING  0x7f9c802e0440 Application has started
21.03.2021 09:13:40.494 0 DEBUG    0x7fe2d6268440 TemplateLoader: path=/home/stefan/Programmierung/Qt/QtWebApp/Demo1/etc/templates, codec=UTF-8
21.03.2021 09:13:40.494 0 DEBUG    0x7fe2d6268440 TemplateCache: timeout=60000, size=1000000
21.03.2021 09:13:40.494 0 DEBUG    0x7fe2d6268440 HttpSessionStore: Sessions expire after 3600000 milliseconds
21.03.2021 09:13:40.494 0 DEBUG    0x7fe2d6268440 StaticFileController: docroot=/home/stefan/Programmierung/Qt/QtWebApp/Demo1/etc/docroot, encoding=UTF-8, maxAge=60000
21.03.2021 09:13:40.494 0 DEBUG    0x7fe2d6268440 StaticFileController: cache timeout=60000, size=1000000
21.03.2021 09:13:40.494 0 DEBUG    0x7fe2d6268440 RequestMapper: created
21.03.2021 09:13:40.494 0 DEBUG    0x7fe2d6268440 HttpListener: Listening on port 8080
21.03.2021 09:13:40.494 1 WARNING  0x7fe2d6268440 Application has started
21.03.2021 09:17:45.715 0 DEBUG    0x7f38caa68440 TemplateLoader: path=/home/stefan/Programmierung/Qt/QtWebApp/Demo1/etc/templates, codec=UTF-8
21.03.2021 09:17:45.715 0 DEBUG    0x7f38caa68440 TemplateCache: timeout=60000, size=1000000
21.03.2021 09:17:45.715 0 DEBUG    0x7f38caa68440 HttpSessionStore: Sessions expire after 3600000 milliseconds
21.03.2021 09:17:45.715 0 DEBUG    0x7f38caa68440 StaticFileController: docroot=/home/stefan/Programmierung/Qt/QtWebApp/Demo1/etc/docroot, encoding=UTF-8, maxAge=60000
21.03.2021 09:17:45.715 0 DEBUG    0x7f38caa68440 StaticFileController: cache timeout=60000, size=1000000
21.03.2021 09:17:45.715 0 DEBUG    0x7f38caa68440 RequestMapper: created
21.03.2021 09:17:45.715 0 DEBUG    0x7f38caa68440 HttpListener: Listening on port 8080
21.03.2021 09:17:45.715 1 WARNING  0x7f38caa68440 Application has started
21.03.2021 09:55:29.904 0 DEBUG    0x7fc42ea78440 TemplateLoader: path=/home/stefan/Programmierung/Qt/QtWebApp/Demo1/etc/templates, codec=UTF-8
21.03.2021 09:55:29.904 0 DEBUG    0x7fc42ea78440 TemplateCache: timeout=60000, size=1000000
21.03.2021 09:55:29.904 0 DEBUG    0x7fc42ea78440 HttpSessionStore: Sessions expire after 3600000 milliseconds
21.03.2021 09:55:29.904 0 DEBUG    0x7fc42ea78440 StaticFileController: docroot=/home/stefan/Programmierung/Qt/QtWebApp/Demo1/etc/docroot, encoding=UTF-8, maxAge=60000
21.03.2021 09:55:29.904 0 DEBUG    0x7fc42ea78440 StaticFileController: cache timeout=60000, size=1000000
21.03.2021 09:55:29.905 0 DEBUG    0x7fc42ea78440 RequestMapper: created
21.03.2021 09:55:50.200 0 DEBUG    0x7fae9fe56440 TemplateLoader: path=/home/stefan/Programmierung/Qt/QtWebApp/Demo1/etc/templates, codec=UTF-8
21.03.2021 09:55:50.200 0 DEBUG    0x7fae9fe56440 TemplateCache: timeout=60000, size=1000000
21.03.2021 09:55:50.200 0 DEBUG    0x7fae9fe56440 HttpSessionStore: Sessions expire after 3600000 milliseconds
21.03.2021 09:55:50.200 0 DEBUG    0x7fae9fe56440 StaticFileController: docroot=/home/stefan/Programmierung/Qt/QtWebApp/Demo1/etc/docroot, encoding=UTF-8, maxAge=60000
21.03.2021 09:55:50.200 0 DEBUG    0x7fae9fe56440 StaticFileController: cache timeout=60000, size=1000000
21.03.2021 09:55:50.200 0 DEBUG    0x7fae9fe56440 RequestMapper: created
21.03.2021 09:55:50.200 0 DEBUG    0x7fae9fe56440 HttpListener: Listening on port 8080
21.03.2021 09:55:50.200 1 WARNING  0x7fae9fe56440 Application has started
21.03.2021 09:55:55.206 0 DEBUG    0x7fae9fe56440 HttpListener: New connection
21.03.2021 09:55:55.206 0 DEBUG    0x7fae9fe56440 HttpConnectionHandler (0x55f9a71d5040): thread started
21.03.2021 09:55:55.207 0 DEBUG    0x7fae9fe56440 HttpConnectionHandler (0x55f9a71d5040): constructed
21.03.2021 09:55:55.207 0 DEBUG    0x7fae9fb15700 HttpConnectionHandler (0x55f9a71d5040): handle new connection
21.03.2021 09:55:55.207 0 DEBUG    0x7fae9fb15700 HttpConnectionHandler (0x55f9a71d5040): read input
21.03.2021 09:55:55.207 0 DEBUG    0x7fae9fb15700 HttpRequest: read request
21.03.2021 09:55:55.207 0 DEBUG    0x7fae9fb15700 HttpRequest: from ::1: GET / HTTP/1.1
21.03.2021 09:55:55.207 0 DEBUG    0x7fae9fb15700 HttpRequest: received header host: localhost:8080
21.03.2021 09:55:55.207 0 DEBUG    0x7fae9fb15700 HttpRequest: received header user-agent: Mozilla/5.0 (X11; Linux x86_64; rv:78.0) Gecko/20100101 Firefox/78.0
21.03.2021 09:55:55.207 0 DEBUG    0x7fae9fb15700 HttpRequest: received header accept: text/html,application/xhtml+xml,application/xml;q=0.9,image/webp,*/*;q=0.8
21.03.2021 09:55:55.207 0 DEBUG    0x7fae9fb15700 HttpRequest: received header accept-language: de,en-US;q=0.7,en;q=0.3
21.03.2021 09:55:55.207 0 DEBUG    0x7fae9fb15700 HttpRequest: received header accept-encoding: gzip, deflate
21.03.2021 09:55:55.207 0 DEBUG    0x7fae9fb15700 HttpRequest: received header dnt: 1
21.03.2021 09:55:55.207 0 DEBUG    0x7fae9fb15700 HttpRequest: received header authorization: Basic dGVzdDpibGE=
21.03.2021 09:55:55.207 0 DEBUG    0x7fae9fb15700 HttpRequest: received header connection: keep-alive
21.03.2021 09:55:55.207 0 DEBUG    0x7fae9fb15700 HttpRequest: received header cookie: sessionid={dba873d1-d1ec-4821-b6b3-2a398a82bf1c}
21.03.2021 09:55:55.207 0 DEBUG    0x7fae9fb15700 HttpRequest: received header upgrade-insecure-requests: 1
21.03.2021 09:55:55.207 0 DEBUG    0x7fae9fb15700 HttpRequest: headers completed
21.03.2021 09:55:55.207 0 DEBUG    0x7fae9fb15700 HttpRequest: expect no body
21.03.2021 09:55:55.207 0 DEBUG    0x7fae9fb15700 HttpRequest: extract and decode request parameters
21.03.2021 09:55:55.207 0 DEBUG    0x7fae9fb15700 HttpRequest: extract cookies
21.03.2021 09:55:55.207 0 DEBUG    0x7fae9fb15700 HttpRequest: found cookie sessionid={dba873d1-d1ec-4821-b6b3-2a398a82bf1c}
21.03.2021 09:55:55.207 0 DEBUG    0x7fae9fb15700 HttpConnectionHandler (0x55f9a71d5040): received request
21.03.2021 09:55:55.207 0 DEBUG    0x7fae9fb15700 RequestMapper: path=/
21.03.2021 09:55:55.207 0 DEBUG    0x7fae9fb15700 StaticFileController: Cache miss for /
21.03.2021 09:55:55.207 0 DEBUG    0x7fae9fb15700 StaticFileController: Open file /home/stefan/Programmierung/Qt/QtWebApp/Demo1/etc/docroot//index.html
21.03.2021 09:55:55.207 0 DEBUG    0x7fae9fb15700 RequestMapper: finished request
21.03.2021 09:55:55.207 0 DEBUG    0x7fae9fb15700 HttpConnectionHandler (0x55f9a71d5040): finished request
21.03.2021 09:55:55.338 0 DEBUG    0x7fae9fb15700 HttpConnectionHandler (0x55f9a71d5040): read input
21.03.2021 09:55:55.339 0 DEBUG    0x7fae9fb15700 HttpRequest: read request
21.03.2021 09:55:55.339 0 DEBUG    0x7fae9fb15700 HttpRequest: from ::1: GET /Schmetterling%20klein.png HTTP/1.1
21.03.2021 09:55:55.339 0 DEBUG    0x7fae9fb15700 HttpRequest: received header host: localhost:8080
21.03.2021 09:55:55.339 0 DEBUG    0x7fae9fb15700 HttpRequest: received header user-agent: Mozilla/5.0 (X11; Linux x86_64; rv:78.0) Gecko/20100101 Firefox/78.0
21.03.2021 09:55:55.339 0 DEBUG    0x7fae9fb15700 HttpRequest: received header accept: image/webp,*/*
21.03.2021 09:55:55.339 0 DEBUG    0x7fae9fb15700 HttpRequest: received header accept-language: de,en-US;q=0.7,en;q=0.3
21.03.2021 09:55:55.339 0 DEBUG    0x7fae9fb15700 HttpRequest: received header accept-encoding: gzip, deflate
21.03.2021 09:55:55.339 0 DEBUG    0x7fae9fb15700 HttpRequest: received header dnt: 1
21.03.2021 09:55:55.339 0 DEBUG    0x7fae9fb15700 HttpRequest: received header authorization: Basic dGVzdDpibGE=
21.03.2021 09:55:55.339 0 DEBUG    0x7fae9fb15700 HttpRequest: received header connection: keep-alive
21.03.2021 09:55:55.339 0 DEBUG    0x7fae9fb15700 HttpRequest: received header referer: http://localhost:8080/
21.03.2021 09:55:55.339 0 DEBUG    0x7fae9fb15700 HttpRequest: received header cookie: sessionid={dba873d1-d1ec-4821-b6b3-2a398a82bf1c}
21.03.2021 09:55:55.339 0 DEBUG    0x7fae9fb15700 HttpRequest: headers completed
21.03.2021 09:55:55.339 0 DEBUG    0x7fae9fb15700 HttpRequest: expect no body
21.03.2021 09:55:55.339 0 DEBUG    0x7fae9fb15700 HttpRequest: extract and decode request parameters
21.03.2021 09:55:55.339 0 DEBUG    0x7fae9fb15700 HttpRequest: extract cookies
21.03.2021 09:55:55.339 0 DEBUG    0x7fae9fb15700 HttpRequest: found cookie sessionid={dba873d1-d1ec-4821-b6b3-2a398a82bf1c}
21.03.2021 09:55:55.339 0 DEBUG    0x7fae9fb15700 HttpConnectionHandler (0x55f9a71d5040): received request
21.03.2021 09:55:55.339 0 DEBUG    0x7fae9fb15700 RequestMapper: path=/Schmetterling klein.png
21.03.2021 09:55:55.339 0 DEBUG    0x7fae9fb15700 StaticFileController: Cache miss for /Schmetterling klein.png
21.03.2021 09:55:55.339 0 DEBUG    0x7fae9fb15700 StaticFileController: Open file /home/stefan/Programmierung/Qt/QtWebApp/Demo1/etc/docroot/Schmetterling klein.png
21.03.2021 09:55:55.339 0 DEBUG    0x7fae9fb15700 RequestMapper: finished request
21.03.2021 09:55:55.339 0 DEBUG    0x7fae9fb15700 HttpConnectionHandler (0x55f9a71d5040): finished request
21.03.2021 09:55:56.978 0 DEBUG    0x7fae9fb15700 HttpConnectionHandler (0x55f9a71d5040): read input
21.03.2021 09:55:56.979 0 DEBUG    0x7fae9fb15700 HttpRequest: read request
21.03.2021 09:55:56.979 0 DEBUG    0x7fae9fb15700 HttpRequest: from ::1: GET /login HTTP/1.1
21.03.2021 09:55:56.979 0 DEBUG    0x7fae9fb15700 HttpRequest: received header host: localhost:8080
21.03.2021 09:55:56.979 0 DEBUG    0x7fae9fb15700 HttpRequest: received header user-agent: Mozilla/5.0 (X11; Linux x86_64; rv:78.0) Gecko/20100101 Firefox/78.0
21.03.2021 09:55:56.979 0 DEBUG    0x7fae9fb15700 HttpRequest: received header accept: text/html,application/xhtml+xml,application/xml;q=0.9,image/webp,*/*;q=0.8
21.03.2021 09:55:56.979 0 DEBUG    0x7fae9fb15700 HttpRequest: received header accept-language: de,en-US;q=0.7,en;q=0.3
21.03.2021 09:55:56.979 0 DEBUG    0x7fae9fb15700 HttpRequest: received header accept-encoding: gzip, deflate
21.03.2021 09:55:56.979 0 DEBUG    0x7fae9fb15700 HttpRequest: received header dnt: 1
21.03.2021 09:55:56.979 0 DEBUG    0x7fae9fb15700 HttpRequest: received header authorization: Basic dGVzdDpibGE=
21.03.2021 09:55:56.979 0 DEBUG    0x7fae9fb15700 HttpRequest: received header connection: keep-alive
21.03.2021 09:55:56.979 0 DEBUG    0x7fae9fb15700 HttpRequest: received header referer: http://localhost:8080/
21.03.2021 09:55:56.979 0 DEBUG    0x7fae9fb15700 HttpRequest: received header cookie: sessionid={dba873d1-d1ec-4821-b6b3-2a398a82bf1c}
21.03.2021 09:55:56.979 0 DEBUG    0x7fae9fb15700 HttpRequest: received header upgrade-insecure-requests: 1
21.03.2021 09:55:56.979 0 DEBUG    0x7fae9fb15700 HttpRequest: headers completed
21.03.2021 09:55:56.979 0 DEBUG    0x7fae9fb15700 HttpRequest: expect no body
21.03.2021 09:55:56.979 0 DEBUG    0x7fae9fb15700 HttpRequest: extract and decode request parameters
21.03.2021 09:55:56.979 0 DEBUG    0x7fae9fb15700 HttpRequest: extract cookies
21.03.2021 09:55:56.979 0 DEBUG    0x7fae9fb15700 HttpRequest: found cookie sessionid={dba873d1-d1ec-4821-b6b3-2a398a82bf1c}
21.03.2021 09:55:56.979 0 DEBUG    0x7fae9fb15700 HttpConnectionHandler (0x55f9a71d5040): received request
21.03.2021 09:55:56.979 0 DEBUG    0x7fae9fb15700 RequestMapper: path=/login
21.03.2021 09:55:56.979 4 INFO     0x7fae9fb15700 Request from test:bla
21.03.2021 09:55:56.980 0 DEBUG    0x7fae9fb15700 RequestMapper: finished request
21.03.2021 09:55:56.980 0 DEBUG    0x7fae9fb15700 HttpConnectionHandler (0x55f9a71d5040): finished request
21.03.2021 09:56:57.144 0 DEBUG    0x7fae9fb15700 HttpConnectionHandler (0x55f9a71d5040): read timeout occured
21.03.2021 09:56:57.145 0 DEBUG    0x7fae9fb15700 HttpConnectionHandler (0x55f9a71d5040): disconnected
21.03.2021 10:08:33.037 0 DEBUG    0x7f54383db440 TemplateLoader: path=/home/stefan/Programmierung/Qt/QtWebApp/Demo1/etc/templates, codec=UTF-8
21.03.2021 10:08:33.037 0 DEBUG    0x7f54383db440 TemplateCache: timeout=60000, size=1000000
21.03.2021 10:08:33.037 0 DEBUG    0x7f54383db440 HttpSessionStore: Sessions expire after 3600000 milliseconds
21.03.2021 10:08:33.037 0 DEBUG    0x7f54383db440 StaticFileController: docroot=/home/stefan/Programmierung/Qt/QtWebApp/Demo1/etc/docroot, encoding=UTF-8, maxAge=60000
21.03.2021 10:08:33.037 0 DEBUG    0x7f54383db440 StaticFileController: cache timeout=60000, size=1000000
21.03.2021 10:08:33.037 0 DEBUG    0x7f54383db440 RequestMapper: created
21.03.2021 10:08:33.037 0 DEBUG    0x7f54383db440 HttpListener: Listening on port 8080
21.03.2021 10:08:33.037 1 WARNING  0x7f54383db440 Application has started
21.03.2021 10:08:57.707 0 DEBUG    0x7fa896b48440 TemplateLoader: path=/home/stefan/Programmierung/Qt/QtWebApp/Demo1/etc/templates, codec=UTF-8
21.03.2021 10:08:57.707 0 DEBUG    0x7fa896b48440 TemplateCache: timeout=60000, size=1000000
21.03.2021 10:08:57.707 0 DEBUG    0x7fa896b48440 HttpSessionStore: Sessions expire after 3600000 milliseconds
21.03.2021 10:08:57.707 0 DEBUG    0x7fa896b48440 StaticFileController: docroot=/home/stefan/Programmierung/Qt/QtWebApp/Demo1/etc/docroot, encoding=UTF-8, maxAge=60000
21.03.2021 10:08:57.707 0 DEBUG    0x7fa896b48440 StaticFileController: cache timeout=60000, size=1000000
21.03.2021 10:08:57.707 0 DEBUG    0x7fa896b48440 RequestMapper: created
21.03.2021 10:08:57.707 0 DEBUG    0x7fa896b48440 HttpListener: Listening on port 8080
21.03.2021 10:08:57.707 1 WARNING  0x7fa896b48440 Application has started
21.03.2021 10:09:01.651 0 DEBUG    0x7fa896807700 HttpConnectionHandler (0x55bb43349d20): handle new connection
21.03.2021 10:09:01.651 0 DEBUG    0x7fa896807700 HttpConnectionHandler (0x55bb43349d20): read input
21.03.2021 10:09:01.651 0 DEBUG    0x7fa896807700 HttpRequest: read request
21.03.2021 10:09:01.651 0 DEBUG    0x7fa896807700 HttpRequest: from ::1: GET /login HTTP/1.1
21.03.2021 10:09:01.651 0 DEBUG    0x7fa896807700 HttpRequest: received header host: localhost:8080
21.03.2021 10:09:01.651 0 DEBUG    0x7fa896807700 HttpRequest: received header user-agent: Mozilla/5.0 (X11; Linux x86_64; rv:78.0) Gecko/20100101 Firefox/78.0
21.03.2021 10:09:01.651 0 DEBUG    0x7fa896807700 HttpRequest: received header accept: text/html,application/xhtml+xml,application/xml;q=0.9,image/webp,*/*;q=0.8
21.03.2021 10:09:01.651 0 DEBUG    0x7fa896807700 HttpRequest: received header accept-language: de,en-US;q=0.7,en;q=0.3
21.03.2021 10:09:01.651 0 DEBUG    0x7fa896807700 HttpRequest: received header accept-encoding: gzip, deflate
21.03.2021 10:09:01.651 0 DEBUG    0x7fa896807700 HttpRequest: received header referer: http://localhost:8080/
21.03.2021 10:09:01.651 0 DEBUG    0x7fa896807700 HttpRequest: received header dnt: 1
21.03.2021 10:09:01.651 0 DEBUG    0x7fa896807700 HttpRequest: received header authorization: Basic dGVzdDpibGE=
21.03.2021 10:09:01.651 0 DEBUG    0x7fa896807700 HttpRequest: received header connection: keep-alive
21.03.2021 10:09:01.651 0 DEBUG    0x7fa896807700 HttpRequest: received header upgrade-insecure-requests: 1
21.03.2021 10:09:01.651 0 DEBUG    0x7fa896807700 HttpRequest: received header cache-control: max-age=0
21.03.2021 10:09:01.651 0 DEBUG    0x7fa896807700 HttpRequest: headers completed
21.03.2021 10:09:01.651 0 DEBUG    0x7fa896807700 HttpRequest: expect no body
21.03.2021 10:09:01.651 0 DEBUG    0x7fa896807700 HttpRequest: extract and decode request parameters
21.03.2021 10:09:01.651 0 DEBUG    0x7fa896807700 HttpRequest: extract cookies
21.03.2021 10:09:01.651 0 DEBUG    0x7fa896807700 HttpConnectionHandler (0x55bb43349d20): received request
21.03.2021 10:09:01.651 0 DEBUG    0x7fa896807700 RequestMapper: path=/login
21.03.2021 10:09:01.651 4 INFO     0x7fa896807700 Request from test:bla
21.03.2021 10:10:14.956 0 DEBUG    0x7f4944daf440 TemplateLoader: path=/home/stefan/Programmierung/Qt/QtWebApp/Demo1/etc/templates, codec=UTF-8
21.03.2021 10:10:14.956 0 DEBUG    0x7f4944daf440 TemplateCache: timeout=60000, size=1000000
21.03.2021 10:10:14.956 0 DEBUG    0x7f4944daf440 HttpSessionStore: Sessions expire after 3600000 milliseconds
21.03.2021 10:10:14.956 0 DEBUG    0x7f4944daf440 StaticFileController: docroot=/home/stefan/Programmierung/Qt/QtWebApp/Demo1/etc/docroot, encoding=UTF-8, maxAge=60000
21.03.2021 10:10:14.956 0 DEBUG    0x7f4944daf440 StaticFileController: cache timeout=60000, size=1000000
21.03.2021 10:10:14.956 0 DEBUG    0x7f4944daf440 RequestMapper: created
21.03.2021 10:10:14.956 0 DEBUG    0x7f4944daf440 HttpListener: Listening on port 8080
21.03.2021 10:10:14.956 1 WARNING  0x7f4944daf440 Application has started
21.03.2021 10:12:07.454 0 DEBUG    0x7f6573a3a440 TemplateLoader: path=/home/stefan/Programmierung/Qt/QtWebApp/Demo1/etc/templates, codec=UTF-8
21.03.2021 10:12:07.454 0 DEBUG    0x7f6573a3a440 TemplateCache: timeout=60000, size=1000000
21.03.2021 10:12:07.454 0 DEBUG    0x7f6573a3a440 HttpSessionStore: Sessions expire after 3600000 milliseconds
21.03.2021 10:12:07.454 0 DEBUG    0x7f6573a3a440 StaticFileController: docroot=/home/stefan/Programmierung/Qt/QtWebApp/Demo1/etc/docroot, encoding=UTF-8, maxAge=60000
21.03.2021 10:12:07.454 0 DEBUG    0x7f6573a3a440 StaticFileController: cache timeout=60000, size=1000000
21.03.2021 10:12:07.455 0 DEBUG    0x7f6573a3a440 RequestMapper: created
21.03.2021 10:12:07.455 0 DEBUG    0x7f6573a3a440 HttpListener: Listening on port 8080
21.03.2021 10:12:07.455 1 WARNING  0x7f6573a3a440 Application has started
21.03.2021 10:12:09.844 0 DEBUG    0x7f65736f9700 HttpConnectionHandler (0x55cbe9025d20): handle new connection
21.03.2021 10:12:09.844 0 DEBUG    0x7f65736f9700 HttpConnectionHandler (0x55cbe9025d20): read input
21.03.2021 10:12:09.844 0 DEBUG    0x7f65736f9700 HttpRequest: read request
21.03.2021 10:12:09.844 0 DEBUG    0x7f65736f9700 HttpRequest: from ::1: GET /login HTTP/1.1
21.03.2021 10:12:09.844 0 DEBUG    0x7f65736f9700 HttpRequest: received header host: localhost:8080
21.03.2021 10:12:09.844 0 DEBUG    0x7f65736f9700 HttpRequest: received header user-agent: Mozilla/5.0 (X11; Linux x86_64; rv:78.0) Gecko/20100101 Firefox/78.0
21.03.2021 10:12:09.844 0 DEBUG    0x7f65736f9700 HttpRequest: received header accept: text/html,application/xhtml+xml,application/xml;q=0.9,image/webp,*/*;q=0.8
21.03.2021 10:12:09.844 0 DEBUG    0x7f65736f9700 HttpRequest: received header accept-language: de,en-US;q=0.7,en;q=0.3
21.03.2021 10:12:09.844 0 DEBUG    0x7f65736f9700 HttpRequest: received header accept-encoding: gzip, deflate
21.03.2021 10:12:09.844 0 DEBUG    0x7f65736f9700 HttpRequest: received header referer: http://localhost:8080/
21.03.2021 10:12:09.844 0 DEBUG    0x7f65736f9700 HttpRequest: received header dnt: 1
21.03.2021 10:12:09.844 0 DEBUG    0x7f65736f9700 HttpRequest: received header authorization: Basic dGVzdDpibGE=
21.03.2021 10:12:09.844 0 DEBUG    0x7f65736f9700 HttpRequest: received header connection: keep-alive
21.03.2021 10:12:09.844 0 DEBUG    0x7f65736f9700 HttpRequest: received header upgrade-insecure-requests: 1
21.03.2021 10:12:09.844 0 DEBUG    0x7f65736f9700 HttpRequest: received header cache-control: max-age=0
21.03.2021 10:12:09.844 0 DEBUG    0x7f65736f9700 HttpRequest: headers completed
21.03.2021 10:12:09.844 0 DEBUG    0x7f65736f9700 HttpRequest: expect no body
21.03.2021 10:12:09.844 0 DEBUG    0x7f65736f9700 HttpRequest: extract and decode request parameters
21.03.2021 10:12:09.844 0 DEBUG    0x7f65736f9700 HttpRequest: extract cookies
21.03.2021 10:12:09.844 0 DEBUG    0x7f65736f9700 HttpConnectionHandler (0x55cbe9025d20): received request
21.03.2021 10:12:09.844 0 DEBUG    0x7f65736f9700 RequestMapper: path=/login
21.03.2021 10:12:09.844 4 INFO     0x7f65736f9700 Request from test:bla
21.03.2021 10:14:44.583 0 DEBUG    0x7f9cb7344440 TemplateLoader: path=/home/stefan/Programmierung/Qt/QtWebApp/Demo1/etc/templates, codec=UTF-8
21.03.2021 10:14:44.583 0 DEBUG    0x7f9cb7344440 TemplateCache: timeout=60000, size=1000000
21.03.2021 10:14:44.583 0 DEBUG    0x7f9cb7344440 HttpSessionStore: Sessions expire after 3600000 milliseconds
21.03.2021 10:14:44.583 0 DEBUG    0x7f9cb7344440 StaticFileController: docroot=/home/stefan/Programmierung/Qt/QtWebApp/Demo1/etc/docroot, encoding=UTF-8, maxAge=60000
21.03.2021 10:14:44.583 0 DEBUG    0x7f9cb7344440 StaticFileController: cache timeout=60000, size=1000000
21.03.2021 10:14:44.583 0 DEBUG    0x7f9cb7344440 RequestMapper: created
21.03.2021 10:14:44.583 0 DEBUG    0x7f9cb7344440 HttpListener: Listening on port 8080
21.03.2021 10:14:44.583 1 WARNING  0x7f9cb7344440 Application has started
21.03.2021 10:14:54.011 0 DEBUG    0x7f9cb7003700 HttpConnectionHandler (0x55ff80873d20): handle new connection
21.03.2021 10:14:54.011 0 DEBUG    0x7f9cb7003700 HttpConnectionHandler (0x55ff80873d20): read input
21.03.2021 10:14:54.011 0 DEBUG    0x7f9cb7003700 HttpRequest: read request
21.03.2021 10:14:54.011 0 DEBUG    0x7f9cb7003700 HttpRequest: from ::1: GET /login HTTP/1.1
21.03.2021 10:14:54.011 0 DEBUG    0x7f9cb7003700 HttpRequest: received header host: localhost:8080
21.03.2021 10:14:54.011 0 DEBUG    0x7f9cb7003700 HttpRequest: received header user-agent: Mozilla/5.0 (X11; Linux x86_64; rv:78.0) Gecko/20100101 Firefox/78.0
21.03.2021 10:14:54.011 0 DEBUG    0x7f9cb7003700 HttpRequest: received header accept: text/html,application/xhtml+xml,application/xml;q=0.9,image/webp,*/*;q=0.8
21.03.2021 10:14:54.011 0 DEBUG    0x7f9cb7003700 HttpRequest: received header accept-language: de,en-US;q=0.7,en;q=0.3
21.03.2021 10:14:54.011 0 DEBUG    0x7f9cb7003700 HttpRequest: received header accept-encoding: gzip, deflate
21.03.2021 10:14:54.011 0 DEBUG    0x7f9cb7003700 HttpRequest: received header referer: http://localhost:8080/
21.03.2021 10:14:54.011 0 DEBUG    0x7f9cb7003700 HttpRequest: received header dnt: 1
21.03.2021 10:14:54.011 0 DEBUG    0x7f9cb7003700 HttpRequest: received header authorization: Basic dGVzdDpibGE=
21.03.2021 10:14:54.011 0 DEBUG    0x7f9cb7003700 HttpRequest: received header connection: keep-alive
21.03.2021 10:14:54.011 0 DEBUG    0x7f9cb7003700 HttpRequest: received header upgrade-insecure-requests: 1
21.03.2021 10:14:54.011 0 DEBUG    0x7f9cb7003700 HttpRequest: received header cache-control: max-age=0
21.03.2021 10:14:54.012 0 DEBUG    0x7f9cb7003700 HttpRequest: headers completed
21.03.2021 10:14:54.012 0 DEBUG    0x7f9cb7003700 HttpRequest: expect no body
21.03.2021 10:14:54.012 0 DEBUG    0x7f9cb7003700 HttpRequest: extract and decode request parameters
21.03.2021 10:14:54.012 0 DEBUG    0x7f9cb7003700 HttpRequest: extract cookies
21.03.2021 10:14:54.012 0 DEBUG    0x7f9cb7003700 HttpConnectionHandler (0x55ff80873d20): received request
21.03.2021 10:14:54.012 0 DEBUG    0x7f9cb7003700 RequestMapper: path=/login
21.03.2021 10:14:54.012 4 INFO     0x7f9cb7003700 Request from test:bla
21.03.2021 10:16:12.922 0 DEBUG    0x7ffff495b440 TemplateLoader: path=/home/stefan/Programmierung/Qt/QtWebApp/Demo1/etc/templates, codec=UTF-8
21.03.2021 10:17:07.403 0 DEBUG    0x7ffff495b440 TemplateCache: timeout=60000, size=1000000
21.03.2021 10:17:08.571 0 DEBUG    0x7ffff495b440 HttpSessionStore: Sessions expire after 3600000 milliseconds
21.03.2021 10:17:09.364 0 DEBUG    0x7ffff495b440 StaticFileController: docroot=/home/stefan/Programmierung/Qt/QtWebApp/Demo1/etc/docroot, encoding=UTF-8, maxAge=60000
21.03.2021 10:17:10.020 0 DEBUG    0x7ffff495b440 StaticFileController: cache timeout=60000, size=1000000
21.03.2021 10:17:10.652 0 DEBUG    0x7ffff495b440 RequestMapper: created
21.03.2021 10:17:11.313 0 DEBUG    0x7ffff495b440 HttpListener: Listening on port 8080
21.03.2021 10:17:44.819 1 WARNING  0x7ffff495b440 Application has started
21.03.2021 10:18:58.201 0 DEBUG    0x7f0122e75440 TemplateLoader: path=/home/stefan/Programmierung/Qt/QtWebApp/Demo1/etc/templates, codec=UTF-8
21.03.2021 10:18:58.201 0 DEBUG    0x7f0122e75440 TemplateCache: timeout=60000, size=1000000
21.03.2021 10:18:58.201 0 DEBUG    0x7f0122e75440 HttpSessionStore: Sessions expire after 3600000 milliseconds
21.03.2021 10:18:58.201 0 DEBUG    0x7f0122e75440 StaticFileController: docroot=/home/stefan/Programmierung/Qt/QtWebApp/Demo1/etc/docroot, encoding=UTF-8, maxAge=60000
21.03.2021 10:18:58.201 0 DEBUG    0x7f0122e75440 StaticFileController: cache timeout=60000, size=1000000
21.03.2021 10:18:58.201 0 DEBUG    0x7f0122e75440 RequestMapper: created
21.03.2021 10:18:58.201 0 DEBUG    0x7f0122e75440 HttpListener: Listening on port 8080
21.03.2021 10:18:58.201 1 WARNING  0x7f0122e75440 Application has started
21.03.2021 10:19:06.443 0 DEBUG    0x7f0122b34700 HttpConnectionHandler (0x5621a4921d20): handle new connection
21.03.2021 10:19:06.443 0 DEBUG    0x7f0122b34700 HttpConnectionHandler (0x5621a4921d20): read input
21.03.2021 10:19:06.443 0 DEBUG    0x7f0122b34700 HttpRequest: read request
21.03.2021 10:19:06.443 0 DEBUG    0x7f0122b34700 HttpRequest: from ::1: GET /login HTTP/1.1
21.03.2021 10:19:06.444 0 DEBUG    0x7f0122b34700 HttpRequest: received header host: localhost:8080
21.03.2021 10:19:06.444 0 DEBUG    0x7f0122b34700 HttpRequest: received header user-agent: Mozilla/5.0 (X11; Linux x86_64; rv:78.0) Gecko/20100101 Firefox/78.0
21.03.2021 10:19:06.444 0 DEBUG    0x7f0122b34700 HttpRequest: received header accept: text/html,application/xhtml+xml,application/xml;q=0.9,image/webp,*/*;q=0.8
21.03.2021 10:19:06.444 0 DEBUG    0x7f0122b34700 HttpRequest: received header accept-language: de,en-US;q=0.7,en;q=0.3
21.03.2021 10:19:06.444 0 DEBUG    0x7f0122b34700 HttpRequest: received header accept-encoding: gzip, deflate
21.03.2021 10:19:06.444 0 DEBUG    0x7f0122b34700 HttpRequest: received header referer: http://localhost:8080/
21.03.2021 10:19:06.444 0 DEBUG    0x7f0122b34700 HttpRequest: received header dnt: 1
21.03.2021 10:19:06.444 0 DEBUG    0x7f0122b34700 HttpRequest: received header authorization: Basic dGVzdDpibGE=
21.03.2021 10:19:06.444 0 DEBUG    0x7f0122b34700 HttpRequest: received header connection: keep-alive
21.03.2021 10:19:06.444 0 DEBUG    0x7f0122b34700 HttpRequest: received header upgrade-insecure-requests: 1
21.03.2021 10:19:06.444 0 DEBUG    0x7f0122b34700 HttpRequest: received header cache-control: max-age=0
21.03.2021 10:19:06.444 0 DEBUG    0x7f0122b34700 HttpRequest: headers completed
21.03.2021 10:19:06.444 0 DEBUG    0x7f0122b34700 HttpRequest: expect no body
21.03.2021 10:19:06.444 0 DEBUG    0x7f0122b34700 HttpRequest: extract and decode request parameters
21.03.2021 10:19:06.444 0 DEBUG    0x7f0122b34700 HttpRequest: extract cookies
21.03.2021 10:19:06.444 0 DEBUG    0x7f0122b34700 HttpConnectionHandler (0x5621a4921d20): received request
21.03.2021 10:19:06.444 0 DEBUG    0x7f0122b34700 RequestMapper: path=/login
21.03.2021 10:19:06.444 4 INFO     0x7f0122b34700 Request from test:bla
21.03.2021 10:21:00.259 0 DEBUG    0x7f7fad7f5440 TemplateLoader: path=/home/stefan/Programmierung/Qt/QtWebApp/Demo1/etc/templates, codec=UTF-8
21.03.2021 10:21:00.259 0 DEBUG    0x7f7fad7f5440 TemplateCache: timeout=60000, size=1000000
21.03.2021 10:21:00.259 0 DEBUG    0x7f7fad7f5440 HttpSessionStore: Sessions expire after 3600000 milliseconds
21.03.2021 10:21:00.259 0 DEBUG    0x7f7fad7f5440 StaticFileController: docroot=/home/stefan/Programmierung/Qt/QtWebApp/Demo1/etc/docroot, encoding=UTF-8, maxAge=60000
21.03.2021 10:21:00.259 0 DEBUG    0x7f7fad7f5440 StaticFileController: cache timeout=60000, size=1000000
21.03.2021 10:21:00.260 0 DEBUG    0x7f7fad7f5440 RequestMapper: created
21.03.2021 10:21:00.260 0 DEBUG    0x7f7fad7f5440 HttpListener: Listening on port 8080
21.03.2021 10:21:00.260 1 WARNING  0x7f7fad7f5440 Application has started
21.03.2021 10:21:13.891 0 DEBUG    0x7f7fad4b4700 HttpConnectionHandler (0x560374c7ad20): handle new connection
21.03.2021 10:21:13.891 0 DEBUG    0x7f7fad4b4700 HttpConnectionHandler (0x560374c7ad20): read input
21.03.2021 10:21:13.891 0 DEBUG    0x7f7fad4b4700 HttpRequest: read request
21.03.2021 10:21:13.891 0 DEBUG    0x7f7fad4b4700 HttpRequest: from ::1: GET /login HTTP/1.1
21.03.2021 10:21:13.891 0 DEBUG    0x7f7fad4b4700 HttpRequest: received header host: localhost:8080
21.03.2021 10:21:13.891 0 DEBUG    0x7f7fad4b4700 HttpRequest: received header user-agent: Mozilla/5.0 (X11; Linux x86_64; rv:78.0) Gecko/20100101 Firefox/78.0
21.03.2021 10:21:13.891 0 DEBUG    0x7f7fad4b4700 HttpRequest: received header accept: text/html,application/xhtml+xml,application/xml;q=0.9,image/webp,*/*;q=0.8
21.03.2021 10:21:13.891 0 DEBUG    0x7f7fad4b4700 HttpRequest: received header accept-language: de,en-US;q=0.7,en;q=0.3
21.03.2021 10:21:13.891 0 DEBUG    0x7f7fad4b4700 HttpRequest: received header accept-encoding: gzip, deflate
21.03.2021 10:21:13.891 0 DEBUG    0x7f7fad4b4700 HttpRequest: received header referer: http://localhost:8080/
21.03.2021 10:21:13.891 0 DEBUG    0x7f7fad4b4700 HttpRequest: received header dnt: 1
21.03.2021 10:21:13.891 0 DEBUG    0x7f7fad4b4700 HttpRequest: received header authorization: Basic dGVzdDpibGE=
21.03.2021 10:21:13.891 0 DEBUG    0x7f7fad4b4700 HttpRequest: received header connection: keep-alive
21.03.2021 10:21:13.891 0 DEBUG    0x7f7fad4b4700 HttpRequest: received header upgrade-insecure-requests: 1
21.03.2021 10:21:13.892 0 DEBUG    0x7f7fad4b4700 HttpRequest: received header cache-control: max-age=0
21.03.2021 10:21:13.892 0 DEBUG    0x7f7fad4b4700 HttpRequest: headers completed
21.03.2021 10:21:13.892 0 DEBUG    0x7f7fad4b4700 HttpRequest: expect no body
21.03.2021 10:21:13.892 0 DEBUG    0x7f7fad4b4700 HttpRequest: extract and decode request parameters
21.03.2021 10:21:13.892 0 DEBUG    0x7f7fad4b4700 HttpRequest: extract cookies
21.03.2021 10:21:13.892 0 DEBUG    0x7f7fad4b4700 HttpConnectionHandler (0x560374c7ad20): received request
21.03.2021 10:21:13.892 0 DEBUG    0x7f7fad4b4700 RequestMapper: path=/login
21.03.2021 10:21:13.892 4 INFO     0x7f7fad4b4700 Authorization request from test:bla
21.03.2021 10:21:33.865 0 DEBUG    0x7f347879c440 TemplateLoader: path=/home/stefan/Programmierung/Qt/QtWebApp/Demo1/etc/templates, codec=UTF-8
21.03.2021 10:21:33.865 0 DEBUG    0x7f347879c440 TemplateCache: timeout=60000, size=1000000
21.03.2021 10:21:33.865 0 DEBUG    0x7f347879c440 HttpSessionStore: Sessions expire after 3600000 milliseconds
21.03.2021 10:21:33.865 0 DEBUG    0x7f347879c440 StaticFileController: docroot=/home/stefan/Programmierung/Qt/QtWebApp/Demo1/etc/docroot, encoding=UTF-8, maxAge=60000
21.03.2021 10:21:33.865 0 DEBUG    0x7f347879c440 StaticFileController: cache timeout=60000, size=1000000
21.03.2021 10:21:33.865 0 DEBUG    0x7f347879c440 RequestMapper: created
21.03.2021 10:21:33.866 0 DEBUG    0x7f347879c440 HttpListener: Listening on port 8080
21.03.2021 10:21:33.866 1 WARNING  0x7f347879c440 Application has started
21.03.2021 10:21:43.036 0 DEBUG    0x7ffff495b440 TemplateLoader: path=/home/stefan/Programmierung/Qt/QtWebApp/Demo1/etc/templates, codec=UTF-8
21.03.2021 10:21:43.532 0 DEBUG    0x7ffff495b440 TemplateCache: timeout=60000, size=1000000
21.03.2021 10:21:43.711 0 DEBUG    0x7ffff495b440 HttpSessionStore: Sessions expire after 3600000 milliseconds
21.03.2021 10:21:43.879 0 DEBUG    0x7ffff495b440 StaticFileController: docroot=/home/stefan/Programmierung/Qt/QtWebApp/Demo1/etc/docroot, encoding=UTF-8, maxAge=60000
21.03.2021 10:21:44.053 0 DEBUG    0x7ffff495b440 StaticFileController: cache timeout=60000, size=1000000
21.03.2021 10:21:44.222 0 DEBUG    0x7ffff495b440 RequestMapper: created
21.03.2021 10:21:44.533 0 DEBUG    0x7ffff495b440 HttpListener: Listening on port 8080
21.03.2021 10:21:44.731 1 WARNING  0x7ffff495b440 Application has started
21.03.2021 10:25:27.069 0 DEBUG    0x7fd4eb4a2440 TemplateLoader: path=/home/stefan/Programmierung/Qt/QtWebApp/Demo1/etc/templates, codec=UTF-8
21.03.2021 10:25:27.069 0 DEBUG    0x7fd4eb4a2440 TemplateCache: timeout=60000, size=1000000
21.03.2021 10:25:27.069 0 DEBUG    0x7fd4eb4a2440 HttpSessionStore: Sessions expire after 3600000 milliseconds
21.03.2021 10:25:27.069 0 DEBUG    0x7fd4eb4a2440 StaticFileController: docroot=/home/stefan/Programmierung/Qt/QtWebApp/Demo1/etc/docroot, encoding=UTF-8, maxAge=60000
21.03.2021 10:25:27.069 0 DEBUG    0x7fd4eb4a2440 StaticFileController: cache timeout=60000, size=1000000
21.03.2021 10:25:27.069 0 DEBUG    0x7fd4eb4a2440 RequestMapper: created
21.03.2021 10:25:27.069 0 DEBUG    0x7fd4eb4a2440 HttpListener: Listening on port 8080
21.03.2021 10:25:27.069 1 WARNING  0x7fd4eb4a2440 Application has started
12.08.2021 15:33:20.694 0 DEBUG    0x00001c6c TemplateLoader: path=C:/Users/beerR2600/YandexDisk/QtWebApp/Demo1/etc/templates, codec=UTF-8
12.08.2021 15:33:20.694 0 DEBUG    0x00001c6c TemplateCache: timeout=60000, size=1000000
12.08.2021 15:33:20.721 0 DEBUG    0x00001c6c HttpSessionStore: Sessions expire after 3600000 milliseconds
12.08.2021 15:33:20.722 0 DEBUG    0x00001c6c StaticFileController: docroot=C:/Users/beerR2600/YandexDisk/QtWebApp/Demo1/etc/docroot, encoding=UTF-8, maxAge=60000
12.08.2021 15:33:20.722 0 DEBUG    0x00001c6c StaticFileController: cache timeout=60000, size=1000000
12.08.2021 15:33:20.722 0 DEBUG    0x00001c6c RequestMapper: created
12.08.2021 15:33:20.866 0 DEBUG    0x00001c6c HttpListener: Listening on port 8080
12.08.2021 15:33:20.866 1 WARNING  0x00001c6c Application has started
12.08.2021 15:39:08.760 0 DEBUG    0x000025b4 TemplateLoader: path=C:/Users/beerR2600/YandexDisk/QtWebApp/Demo1/etc/templates, codec=UTF-8
12.08.2021 15:39:08.760 0 DEBUG    0x000025b4 TemplateCache: timeout=60000, size=1000000
12.08.2021 15:39:08.760 0 DEBUG    0x000025b4 HttpSessionStore: Sessions expire after 3600000 milliseconds
12.08.2021 15:39:08.760 0 DEBUG    0x000025b4 StaticFileController: docroot=C:/Users/beerR2600/YandexDisk/QtWebApp/Demo1/etc/docroot, encoding=UTF-8, maxAge=60000
12.08.2021 15:39:08.760 0 DEBUG    0x000025b4 StaticFileController: cache timeout=60000, size=1000000
12.08.2021 15:39:08.760 0 DEBUG    0x000025b4 RequestMapper: created
12.08.2021 15:39:08.818 0 DEBUG    0x000025b4 HttpListener: Listening on port 8080
12.08.2021 15:39:08.818 1 WARNING  0x000025b4 Application has started
12.08.2021 15:48:58.836 0 DEBUG    0x00005914 TemplateLoader: path=C:/Users/beerR2600/YandexDisk/QtWebApp/Demo1/etc/templates, codec=UTF-8
12.08.2021 15:48:58.836 0 DEBUG    0x00005914 TemplateCache: timeout=60000, size=1000000
12.08.2021 15:48:58.836 0 DEBUG    0x00005914 HttpSessionStore: Sessions expire after 3600000 milliseconds
12.08.2021 15:48:58.836 0 DEBUG    0x00005914 StaticFileController: docroot=C:/Users/beerR2600/YandexDisk/QtWebApp/Demo1/etc/docroot, encoding=UTF-8, maxAge=60000
12.08.2021 15:48:58.836 0 DEBUG    0x00005914 StaticFileController: cache timeout=60000, size=1000000
12.08.2021 15:48:58.836 0 DEBUG    0x00005914 RequestMapper: created
12.08.2021 15:48:59.021 0 DEBUG    0x00005914 HttpListener: Listening on port 8080
12.08.2021 15:48:59.021 1 WARNING  0x00005914 Application has started
12.08.2021 16:10:25.789 0 DEBUG    0x00002938 TemplateLoader: path=C:/Users/beerR2600/YandexDisk/QtWebApp/QTWebApp-Lemmatizer/Demo1/etc/templates, codec=UTF-8
12.08.2021 16:10:25.789 0 DEBUG    0x00002938 TemplateCache: timeout=60000, size=1000000
12.08.2021 16:10:25.789 0 DEBUG    0x00002938 HttpSessionStore: Sessions expire after 3600000 milliseconds
12.08.2021 16:10:25.789 0 DEBUG    0x00002938 StaticFileController: docroot=C:/Users/beerR2600/YandexDisk/QtWebApp/QTWebApp-Lemmatizer/Demo1/etc/docroot, encoding=UTF-8, maxAge=60000
12.08.2021 16:10:25.789 0 DEBUG    0x00002938 StaticFileController: cache timeout=60000, size=1000000
12.08.2021 16:10:25.789 0 DEBUG    0x00002938 RequestMapper: created
12.08.2021 16:10:25.863 0 DEBUG    0x00002938 HttpListener: Listening on port 8080
12.08.2021 16:10:25.863 1 WARNING  0x00002938 Application has started
12.08.2021 16:37:18.411 0 DEBUG    0x00003d68 TemplateLoader: path=C:/Users/beerR2600/YandexDisk/QtWebApp/QTWebApp-Lemmatizer/Demo1/etc/templates, codec=UTF-8
12.08.2021 16:37:18.411 0 DEBUG    0x00003d68 TemplateCache: timeout=60000, size=1000000
12.08.2021 16:37:18.470 0 DEBUG    0x00003d68 HttpSessionStore: Sessions expire after 3600000 milliseconds
12.08.2021 16:37:18.471 0 DEBUG    0x00003d68 StaticFileController: docroot=C:/Users/beerR2600/YandexDisk/QtWebApp/QTWebApp-Lemmatizer/Demo1/etc/docroot, encoding=UTF-8, maxAge=60000
12.08.2021 16:37:18.471 0 DEBUG    0x00003d68 StaticFileController: cache timeout=60000, size=1000000
12.08.2021 16:37:18.471 0 DEBUG    0x00003d68 RequestMapper: created
12.08.2021 16:37:18.779 0 DEBUG    0x00003d68 HttpListener: Listening on port 8080
12.08.2021 16:37:18.779 1 WARNING  0x00003d68 Application has started
13.08.2021 12:39:19.349 0 DEBUG    0x000041a4 TemplateLoader: path=C:/Users/beerR2600/YandexDisk/QtWebApp/QTWebApp-Lemmatizer/Demo1/etc/templates, codec=UTF-8
13.08.2021 12:39:19.349 0 DEBUG    0x000041a4 TemplateCache: timeout=60000, size=1000000
13.08.2021 12:39:19.350 0 DEBUG    0x000041a4 HttpSessionStore: Sessions expire after 3600000 milliseconds
13.08.2021 12:39:19.350 0 DEBUG    0x000041a4 StaticFileController: docroot=C:/Users/beerR2600/YandexDisk/QtWebApp/QTWebApp-Lemmatizer/Demo1/etc/docroot, encoding=UTF-8, maxAge=60000
13.08.2021 12:39:19.350 0 DEBUG    0x000041a4 StaticFileController: cache timeout=60000, size=1000000
13.08.2021 12:39:19.350 0 DEBUG    0x000041a4 RequestMapper: created
13.08.2021 12:39:19.422 0 DEBUG    0x000041a4 HttpListener: Listening on port 8080
13.08.2021 12:39:19.422 1 WARNING  0x000041a4 Application has started
13.08.2021 12:45:28.048 0 DEBUG    0x0000066c TemplateLoader: path=C:/Users/beerR2600/YandexDisk/QtWebApp/QTWebApp-Lemmatizer/Demo1/etc/templates, codec=UTF-8
13.08.2021 12:45:28.048 0 DEBUG    0x0000066c TemplateCache: timeout=60000, size=1000000
13.08.2021 12:45:28.048 0 DEBUG    0x0000066c HttpSessionStore: Sessions expire after 3600000 milliseconds
13.08.2021 12:45:28.048 0 DEBUG    0x0000066c StaticFileController: docroot=C:/Users/beerR2600/YandexDisk/QtWebApp/QTWebApp-Lemmatizer/Demo1/etc/docroot, encoding=UTF-8, maxAge=60000
13.08.2021 12:45:28.048 0 DEBUG    0x0000066c StaticFileController: cache timeout=60000, size=1000000
13.08.2021 12:45:28.048 0 DEBUG    0x0000066c RequestMapper: created
13.08.2021 12:45:28.088 0 DEBUG    0x0000066c HttpListener: Listening on port 8080
13.08.2021 12:45:28.088 1 WARNING  0x0000066c Application has started
13.08.2021 12:46:59.364 0 DEBUG    0x00001f44 TemplateLoader: path=C:/Users/beerR2600/YandexDisk/QtWebApp/QTWebApp-Lemmatizer/Demo1/etc/templates, codec=UTF-8
13.08.2021 12:46:59.364 0 DEBUG    0x00001f44 TemplateCache: timeout=60000, size=1000000
13.08.2021 12:46:59.364 0 DEBUG    0x00001f44 HttpSessionStore: Sessions expire after 3600000 milliseconds
13.08.2021 12:46:59.365 0 DEBUG    0x00001f44 StaticFileController: docroot=C:/Users/beerR2600/YandexDisk/QtWebApp/QTWebApp-Lemmatizer/Demo1/etc/docroot, encoding=UTF-8, maxAge=60000
13.08.2021 12:46:59.365 0 DEBUG    0x00001f44 StaticFileController: cache timeout=60000, size=1000000
13.08.2021 12:46:59.365 0 DEBUG    0x00001f44 RequestMapper: created
13.08.2021 12:46:59.403 0 DEBUG    0x00001f44 HttpListener: Listening on port 8080
13.08.2021 12:46:59.403 1 WARNING  0x00001f44 Application has started
13.08.2021 12:48:25.797 0 DEBUG    0x00004084 TemplateLoader: path=C:/Users/beerR2600/YandexDisk/QtWebApp/QTWebApp-Lemmatizer/Demo1/etc/templates, codec=UTF-8
13.08.2021 12:48:25.797 0 DEBUG    0x00004084 TemplateCache: timeout=60000, size=1000000
13.08.2021 12:48:25.797 0 DEBUG    0x00004084 HttpSessionStore: Sessions expire after 3600000 milliseconds
13.08.2021 12:48:25.797 0 DEBUG    0x00004084 StaticFileController: docroot=C:/Users/beerR2600/YandexDisk/QtWebApp/QTWebApp-Lemmatizer/Demo1/etc/docroot, encoding=UTF-8, maxAge=60000
13.08.2021 12:48:25.797 0 DEBUG    0x00004084 StaticFileController: cache timeout=60000, size=1000000
13.08.2021 12:48:25.797 0 DEBUG    0x00004084 RequestMapper: created
13.08.2021 12:48:25.836 0 DEBUG    0x00004084 HttpListener: Listening on port 8080
13.08.2021 12:48:25.836 1 WARNING  0x00004084 Application has started
13.08.2021 12:49:57.718 0 DEBUG    0x000034ec TemplateLoader: path=C:/Users/beerR2600/YandexDisk/QtWebApp/QTWebApp-Lemmatizer/Demo1/etc/templates, codec=UTF-8
13.08.2021 12:49:57.718 0 DEBUG    0x000034ec TemplateCache: timeout=60000, size=1000000
13.08.2021 12:49:57.719 0 DEBUG    0x000034ec HttpSessionStore: Sessions expire after 3600000 milliseconds
13.08.2021 12:49:57.719 0 DEBUG    0x000034ec StaticFileController: docroot=C:/Users/beerR2600/YandexDisk/QtWebApp/QTWebApp-Lemmatizer/Demo1/etc/docroot, encoding=UTF-8, maxAge=60000
13.08.2021 12:49:57.719 0 DEBUG    0x000034ec StaticFileController: cache timeout=60000, size=1000000
13.08.2021 12:49:57.719 0 DEBUG    0x000034ec RequestMapper: created
13.08.2021 12:49:58.189 0 DEBUG    0x000034ec HttpListener: Listening on port 8080
13.08.2021 12:49:58.189 1 WARNING  0x000034ec Application has started
13.08.2021 12:51:35.543 0 DEBUG    0x00001770 TemplateLoader: path=C:/Users/beerR2600/YandexDisk/QtWebApp/QTWebApp-Lemmatizer/Demo1/etc/templates, codec=UTF-8
13.08.2021 12:51:35.543 0 DEBUG    0x00001770 TemplateCache: timeout=60000, size=1000000
13.08.2021 12:51:35.543 0 DEBUG    0x00001770 HttpSessionStore: Sessions expire after 3600000 milliseconds
13.08.2021 12:51:35.544 0 DEBUG    0x00001770 StaticFileController: docroot=C:/Users/beerR2600/YandexDisk/QtWebApp/QTWebApp-Lemmatizer/Demo1/etc/docroot, encoding=UTF-8, maxAge=60000
13.08.2021 12:51:35.544 0 DEBUG    0x00001770 StaticFileController: cache timeout=60000, size=1000000
13.08.2021 12:51:35.544 0 DEBUG    0x00001770 RequestMapper: created
13.08.2021 12:51:36.002 0 DEBUG    0x00001770 HttpListener: Listening on port 8080
13.08.2021 12:51:36.002 1 WARNING  0x00001770 Application has started
13.08.2021 12:54:53.148 0 DEBUG    0x0000260c TemplateLoader: path=C:/Users/beerR2600/YandexDisk/QtWebApp/QTWebApp-Lemmatizer/Demo1/etc/templates, codec=UTF-8
13.08.2021 12:54:53.148 0 DEBUG    0x0000260c TemplateCache: timeout=60000, size=1000000
13.08.2021 12:54:53.149 0 DEBUG    0x0000260c HttpSessionStore: Sessions expire after 3600000 milliseconds
13.08.2021 12:54:53.149 0 DEBUG    0x0000260c StaticFileController: docroot=C:/Users/beerR2600/YandexDisk/QtWebApp/QTWebApp-Lemmatizer/Demo1/etc/docroot, encoding=UTF-8, maxAge=60000
13.08.2021 12:54:53.149 0 DEBUG    0x0000260c StaticFileController: cache timeout=60000, size=1000000
13.08.2021 12:54:53.149 0 DEBUG    0x0000260c RequestMapper: created
13.08.2021 12:54:53.600 0 DEBUG    0x0000260c HttpListener: Listening on port 8080
13.08.2021 12:54:53.600 1 WARNING  0x0000260c Application has started
13.08.2021 12:56:01.817 0 DEBUG    0x000013fc TemplateLoader: path=C:/Users/beerR2600/YandexDisk/QtWebApp/QTWebApp-Lemmatizer/Demo1/etc/templates, codec=UTF-8
13.08.2021 12:56:01.817 0 DEBUG    0x000013fc TemplateCache: timeout=60000, size=1000000
13.08.2021 12:56:01.818 0 DEBUG    0x000013fc HttpSessionStore: Sessions expire after 3600000 milliseconds
13.08.2021 12:56:01.818 0 DEBUG    0x000013fc StaticFileController: docroot=C:/Users/beerR2600/YandexDisk/QtWebApp/QTWebApp-Lemmatizer/Demo1/etc/docroot, encoding=UTF-8, maxAge=60000
13.08.2021 12:56:01.818 0 DEBUG    0x000013fc StaticFileController: cache timeout=60000, size=1000000
13.08.2021 12:56:01.818 0 DEBUG    0x000013fc RequestMapper: created
13.08.2021 12:56:02.265 0 DEBUG    0x000013fc HttpListener: Listening on port 8080
13.08.2021 12:56:02.265 1 WARNING  0x000013fc Application has started
13.08.2021 12:56:51.018 0 DEBUG    0x0000282c TemplateLoader: path=C:/Users/beerR2600/YandexDisk/QtWebApp/QTWebApp-Lemmatizer/Demo1/etc/templates, codec=UTF-8
13.08.2021 12:56:51.018 0 DEBUG    0x0000282c TemplateCache: timeout=60000, size=1000000
13.08.2021 12:56:51.019 0 DEBUG    0x0000282c HttpSessionStore: Sessions expire after 3600000 milliseconds
13.08.2021 12:56:51.019 0 DEBUG    0x0000282c StaticFileController: docroot=C:/Users/beerR2600/YandexDisk/QtWebApp/QTWebApp-Lemmatizer/Demo1/etc/docroot, encoding=UTF-8, maxAge=60000
13.08.2021 12:56:51.019 0 DEBUG    0x0000282c StaticFileController: cache timeout=60000, size=1000000
13.08.2021 12:56:51.019 0 DEBUG    0x0000282c RequestMapper: created
13.08.2021 12:56:51.571 0 DEBUG    0x0000282c HttpListener: Listening on port 8080
13.08.2021 12:56:51.571 1 WARNING  0x0000282c Application has started
13.08.2021 15:46:48.997 0 DEBUG    0x0000443c TemplateLoader: path=C:/Users/beerR2600/YandexDisk/QtWebApp/QTWebApp-Lemmatizer/Demo1/etc/templates, codec=UTF-8
13.08.2021 15:46:48.997 0 DEBUG    0x0000443c TemplateCache: timeout=60000, size=1000000
13.08.2021 15:46:48.997 0 DEBUG    0x0000443c HttpSessionStore: Sessions expire after 3600000 milliseconds
13.08.2021 15:46:48.997 0 DEBUG    0x0000443c StaticFileController: docroot=C:/Users/beerR2600/YandexDisk/QtWebApp/QTWebApp-Lemmatizer/Demo1/etc/docroot, encoding=UTF-8, maxAge=60000
13.08.2021 15:46:48.997 0 DEBUG    0x0000443c StaticFileController: cache timeout=60000, size=1000000
13.08.2021 15:46:48.997 0 DEBUG    0x0000443c RequestMapper: created
13.08.2021 15:46:49.049 0 DEBUG    0x0000443c HttpListener: Listening on port 8080
13.08.2021 15:46:49.049 1 WARNING  0x0000443c Application has started
13.08.2021 17:36:41.477 0 DEBUG    0x00000f0c TemplateLoader: path=C:/Users/beerR2600/YandexDisk/QtWebApp/QTWebApp-Lemmatizer/Demo1/etc/templates, codec=UTF-8
13.08.2021 17:36:41.477 0 DEBUG    0x00000f0c TemplateCache: timeout=60000, size=1000000
13.08.2021 17:36:41.532 0 DEBUG    0x00000f0c HttpSessionStore: Sessions expire after 3600000 milliseconds
13.08.2021 17:36:41.532 0 DEBUG    0x00000f0c StaticFileController: docroot=C:/Users/beerR2600/YandexDisk/QtWebApp/QTWebApp-Lemmatizer/Demo1/etc/docroot, encoding=UTF-8, maxAge=60000
13.08.2021 17:36:41.532 0 DEBUG    0x00000f0c StaticFileController: cache timeout=60000, size=1000000
13.08.2021 17:36:41.532 0 DEBUG    0x00000f0c RequestMapper: created
13.08.2021 17:36:41.835 0 DEBUG    0x00000f0c HttpListener: Listening on port 8080
13.08.2021 17:36:41.835 1 WARNING  0x00000f0c Application has started
13.08.2021 17:37:03.739 0 DEBUG    0x00000a9c TemplateLoader: path=C:/Users/beerR2600/YandexDisk/QtWebApp/QTWebApp-Lemmatizer/Demo1/etc/templates, codec=UTF-8
13.08.2021 17:37:03.739 0 DEBUG    0x00000a9c TemplateCache: timeout=60000, size=1000000
13.08.2021 17:37:03.739 0 DEBUG    0x00000a9c HttpSessionStore: Sessions expire after 3600000 milliseconds
13.08.2021 17:37:03.739 0 DEBUG    0x00000a9c StaticFileController: docroot=C:/Users/beerR2600/YandexDisk/QtWebApp/QTWebApp-Lemmatizer/Demo1/etc/docroot, encoding=UTF-8, maxAge=60000
13.08.2021 17:37:03.739 0 DEBUG    0x00000a9c StaticFileController: cache timeout=60000, size=1000000
13.08.2021 17:37:03.739 0 DEBUG    0x00000a9c RequestMapper: created
13.08.2021 17:37:03.783 0 DEBUG    0x00000a9c HttpListener: Listening on port 8080
13.08.2021 17:37:03.783 1 WARNING  0x00000a9c Application has started
16.08.2021 13:11:06.903 0 DEBUG    0x000040d0 TemplateLoader: path=C:/Users/beerR2600/YandexDisk/QtWebApp/QTWebApp-Lemmatizer/Demo1/etc/templates, codec=UTF-8
16.08.2021 13:11:06.904 0 DEBUG    0x000040d0 TemplateCache: timeout=60000, size=1000000
16.08.2021 13:11:06.906 0 DEBUG    0x000040d0 HttpSessionStore: Sessions expire after 3600000 milliseconds
16.08.2021 13:11:06.906 0 DEBUG    0x000040d0 StaticFileController: docroot=C:/Users/beerR2600/YandexDisk/QtWebApp/QTWebApp-Lemmatizer/Demo1/etc/docroot, encoding=UTF-8, maxAge=60000
16.08.2021 13:11:06.906 0 DEBUG    0x000040d0 StaticFileController: cache timeout=60000, size=1000000
16.08.2021 13:11:06.906 0 DEBUG    0x000040d0 RequestMapper: created
16.08.2021 13:11:09.985 0 DEBUG    0x000040d0 HttpListener: Listening on port 8080
16.08.2021 13:11:09.985 1 WARNING  0x000040d0 Application has started
16.08.2021 13:12:12.098 0 DEBUG    0x00000824 TemplateLoader: path=C:/Users/beerR2600/YandexDisk/QtWebApp/QTWebApp-Lemmatizer/Demo1/etc/templates, codec=UTF-8
16.08.2021 13:12:12.098 0 DEBUG    0x00000824 TemplateCache: timeout=60000, size=1000000
16.08.2021 13:12:12.099 0 DEBUG    0x00000824 HttpSessionStore: Sessions expire after 3600000 milliseconds
16.08.2021 13:12:12.099 0 DEBUG    0x00000824 StaticFileController: docroot=C:/Users/beerR2600/YandexDisk/QtWebApp/QTWebApp-Lemmatizer/Demo1/etc/docroot, encoding=UTF-8, maxAge=60000
16.08.2021 13:12:12.099 0 DEBUG    0x00000824 StaticFileController: cache timeout=60000, size=1000000
16.08.2021 13:12:12.099 0 DEBUG    0x00000824 RequestMapper: created
16.08.2021 13:12:15.343 0 DEBUG    0x00000824 HttpListener: Listening on port 8080
16.08.2021 13:12:15.343 1 WARNING  0x00000824 Application has started
16.08.2021 13:38:37.947 0 DEBUG    0x00000118 TemplateLoader: path=C:/Users/beerR2600/YandexDisk/QtWebApp/QTWebApp-Lemmatizer/Demo1/etc/templates, codec=UTF-8
16.08.2021 13:38:37.948 0 DEBUG    0x00000118 TemplateCache: timeout=60000, size=1000000
16.08.2021 13:38:37.948 0 DEBUG    0x00000118 HttpSessionStore: Sessions expire after 3600000 milliseconds
16.08.2021 13:38:37.948 0 DEBUG    0x00000118 StaticFileController: docroot=C:/Users/beerR2600/YandexDisk/QtWebApp/QTWebApp-Lemmatizer/Demo1/etc/docroot, encoding=UTF-8, maxAge=60000
16.08.2021 13:38:37.948 0 DEBUG    0x00000118 StaticFileController: cache timeout=60000, size=1000000
16.08.2021 13:38:37.948 0 DEBUG    0x00000118 RequestMapper: created
16.08.2021 13:38:38.002 0 DEBUG    0x00000118 HttpListener: Listening on port 8080
16.08.2021 13:38:38.002 1 WARNING  0x00000118 Application has started
16.08.2021 13:40:08.757 0 DEBUG    0x00002e88 TemplateLoader: path=C:/Users/beerR2600/YandexDisk/QtWebApp/QTWebApp-Lemmatizer/Demo1/etc/templates, codec=UTF-8
16.08.2021 13:40:08.757 0 DEBUG    0x00002e88 TemplateCache: timeout=60000, size=1000000
16.08.2021 13:40:08.757 0 DEBUG    0x00002e88 HttpSessionStore: Sessions expire after 3600000 milliseconds
16.08.2021 13:40:08.758 0 DEBUG    0x00002e88 StaticFileController: docroot=C:/Users/beerR2600/YandexDisk/QtWebApp/QTWebApp-Lemmatizer/Demo1/etc/docroot, encoding=UTF-8, maxAge=60000
16.08.2021 13:40:08.758 0 DEBUG    0x00002e88 StaticFileController: cache timeout=60000, size=1000000
16.08.2021 13:40:08.758 0 DEBUG    0x00002e88 RequestMapper: created
16.08.2021 13:40:11.734 0 DEBUG    0x00002e88 HttpListener: Listening on port 8080
16.08.2021 13:40:11.734 1 WARNING  0x00002e88 Application has started
16.08.2021 13:41:10.678 0 DEBUG    0x000042f8 TemplateLoader: path=C:/Users/beerR2600/YandexDisk/QtWebApp/QTWebApp-Lemmatizer/Demo1/etc/templates, codec=UTF-8
16.08.2021 13:41:10.678 0 DEBUG    0x000042f8 TemplateCache: timeout=60000, size=1000000
16.08.2021 13:41:10.678 0 DEBUG    0x000042f8 HttpSessionStore: Sessions expire after 3600000 milliseconds
16.08.2021 13:41:10.679 0 DEBUG    0x000042f8 StaticFileController: docroot=C:/Users/beerR2600/YandexDisk/QtWebApp/QTWebApp-Lemmatizer/Demo1/etc/docroot, encoding=UTF-8, maxAge=60000
16.08.2021 13:41:10.679 0 DEBUG    0x000042f8 StaticFileController: cache timeout=60000, size=1000000
16.08.2021 13:41:10.679 0 DEBUG    0x000042f8 RequestMapper: created
16.08.2021 13:41:13.589 0 DEBUG    0x000042f8 HttpListener: Listening on port 8080
16.08.2021 13:41:13.589 1 WARNING  0x000042f8 Application has started
16.08.2021 13:42:06.001 0 DEBUG    0x00001fa0 TemplateLoader: path=C:/Users/beerR2600/YandexDisk/QtWebApp/QTWebApp-Lemmatizer/Demo1/etc/templates, codec=UTF-8
16.08.2021 13:42:06.001 0 DEBUG    0x00001fa0 TemplateCache: timeout=60000, size=1000000
16.08.2021 13:42:06.001 0 DEBUG    0x00001fa0 HttpSessionStore: Sessions expire after 3600000 milliseconds
16.08.2021 13:42:06.002 0 DEBUG    0x00001fa0 StaticFileController: docroot=C:/Users/beerR2600/YandexDisk/QtWebApp/QTWebApp-Lemmatizer/Demo1/etc/docroot, encoding=UTF-8, maxAge=60000
16.08.2021 13:42:06.002 0 DEBUG    0x00001fa0 StaticFileController: cache timeout=60000, size=1000000
16.08.2021 13:42:06.002 0 DEBUG    0x00001fa0 RequestMapper: created
16.08.2021 13:42:08.819 0 DEBUG    0x00001fa0 HttpListener: Listening on port 8080
16.08.2021 13:42:08.819 1 WARNING  0x00001fa0 Application has started
16.08.2021 13:46:37.631 0 DEBUG    0x00000748 TemplateLoader: path=C:/Users/beerR2600/YandexDisk/QtWebApp/QTWebApp-Lemmatizer/Demo1/etc/templates, codec=UTF-8
16.08.2021 13:46:37.631 0 DEBUG    0x00000748 TemplateCache: timeout=60000, size=1000000
16.08.2021 13:46:37.631 0 DEBUG    0x00000748 HttpSessionStore: Sessions expire after 3600000 milliseconds
16.08.2021 13:46:37.632 0 DEBUG    0x00000748 StaticFileController: docroot=C:/Users/beerR2600/YandexDisk/QtWebApp/QTWebApp-Lemmatizer/Demo1/etc/docroot, encoding=UTF-8, maxAge=60000
16.08.2021 13:46:37.632 0 DEBUG    0x00000748 StaticFileController: cache timeout=60000, size=1000000
16.08.2021 13:46:37.632 0 DEBUG    0x00000748 RequestMapper: created
16.08.2021 13:46:37.691 0 DEBUG    0x00000748 HttpListener: Listening on port 8080
16.08.2021 13:46:37.691 1 WARNING  0x00000748 Application has started
16.08.2021 13:48:26.618 0 DEBUG    0x00004134 TemplateLoader: path=C:/Users/beerR2600/YandexDisk/QtWebApp/QTWebApp-Lemmatizer/Demo1/etc/templates, codec=UTF-8
16.08.2021 13:48:26.618 0 DEBUG    0x00004134 TemplateCache: timeout=60000, size=1000000
16.08.2021 13:48:26.619 0 DEBUG    0x00004134 HttpSessionStore: Sessions expire after 3600000 milliseconds
16.08.2021 13:48:26.619 0 DEBUG    0x00004134 StaticFileController: docroot=C:/Users/beerR2600/YandexDisk/QtWebApp/QTWebApp-Lemmatizer/Demo1/etc/docroot, encoding=UTF-8, maxAge=60000
16.08.2021 13:48:26.619 0 DEBUG    0x00004134 StaticFileController: cache timeout=60000, size=1000000
16.08.2021 13:48:26.619 0 DEBUG    0x00004134 RequestMapper: created
16.08.2021 13:48:26.674 0 DEBUG    0x00004134 HttpListener: Listening on port 8080
16.08.2021 13:48:26.674 1 WARNING  0x00004134 Application has started
16.08.2021 13:49:12.981 0 DEBUG    0x00004124 TemplateLoader: path=C:/Users/beerR2600/YandexDisk/QtWebApp/QTWebApp-Lemmatizer/Demo1/etc/templates, codec=UTF-8
16.08.2021 13:49:12.981 0 DEBUG    0x00004124 TemplateCache: timeout=60000, size=1000000
16.08.2021 13:49:12.982 0 DEBUG    0x00004124 HttpSessionStore: Sessions expire after 3600000 milliseconds
16.08.2021 13:49:12.982 0 DEBUG    0x00004124 StaticFileController: docroot=C:/Users/beerR2600/YandexDisk/QtWebApp/QTWebApp-Lemmatizer/Demo1/etc/docroot, encoding=UTF-8, maxAge=60000
16.08.2021 13:49:12.982 0 DEBUG    0x00004124 StaticFileController: cache timeout=60000, size=1000000
16.08.2021 13:49:12.982 0 DEBUG    0x00004124 RequestMapper: created
16.08.2021 13:49:16.031 0 DEBUG    0x00004124 HttpListener: Listening on port 8080
16.08.2021 13:49:16.031 1 WARNING  0x00004124 Application has started
16.08.2021 13:51:46.668 0 DEBUG    0x0000302c TemplateLoader: path=C:/Users/beerR2600/YandexDisk/QtWebApp/QTWebApp-Lemmatizer/Demo1/etc/templates, codec=UTF-8
16.08.2021 13:51:46.668 0 DEBUG    0x0000302c TemplateCache: timeout=60000, size=1000000
16.08.2021 13:51:46.668 0 DEBUG    0x0000302c HttpSessionStore: Sessions expire after 3600000 milliseconds
16.08.2021 13:51:46.669 0 DEBUG    0x0000302c StaticFileController: docroot=C:/Users/beerR2600/YandexDisk/QtWebApp/QTWebApp-Lemmatizer/Demo1/etc/docroot, encoding=UTF-8, maxAge=60000
16.08.2021 13:51:46.669 0 DEBUG    0x0000302c StaticFileController: cache timeout=60000, size=1000000
16.08.2021 13:51:46.669 0 DEBUG    0x0000302c RequestMapper: created
16.08.2021 13:51:49.636 0 DEBUG    0x0000302c HttpListener: Listening on port 8080
16.08.2021 13:51:49.636 1 WARNING  0x0000302c Application has started
16.08.2021 13:53:14.726 0 DEBUG    0x000041a4 TemplateLoader: path=C:/Users/beerR2600/YandexDisk/QtWebApp/QTWebApp-Lemmatizer/Demo1/etc/templates, codec=UTF-8
16.08.2021 13:53:14.726 0 DEBUG    0x000041a4 TemplateCache: timeout=60000, size=1000000
16.08.2021 13:53:14.726 0 DEBUG    0x000041a4 HttpSessionStore: Sessions expire after 3600000 milliseconds
16.08.2021 13:53:14.727 0 DEBUG    0x000041a4 StaticFileController: docroot=C:/Users/beerR2600/YandexDisk/QtWebApp/QTWebApp-Lemmatizer/Demo1/etc/docroot, encoding=UTF-8, maxAge=60000
16.08.2021 13:53:14.727 0 DEBUG    0x000041a4 StaticFileController: cache timeout=60000, size=1000000
16.08.2021 13:53:14.727 0 DEBUG    0x000041a4 RequestMapper: created
16.08.2021 13:53:17.710 0 DEBUG    0x000041a4 HttpListener: Listening on port 8080
16.08.2021 13:53:17.710 1 WARNING  0x000041a4 Application has started
16.08.2021 13:55:22.343 0 DEBUG    0x00003458 TemplateLoader: path=C:/Users/beerR2600/YandexDisk/QtWebApp/QTWebApp-Lemmatizer/Demo1/etc/templates, codec=UTF-8
16.08.2021 13:55:22.343 0 DEBUG    0x00003458 TemplateCache: timeout=60000, size=1000000
16.08.2021 13:55:22.343 0 DEBUG    0x00003458 HttpSessionStore: Sessions expire after 3600000 milliseconds
16.08.2021 13:55:22.343 0 DEBUG    0x00003458 StaticFileController: docroot=C:/Users/beerR2600/YandexDisk/QtWebApp/QTWebApp-Lemmatizer/Demo1/etc/docroot, encoding=UTF-8, maxAge=60000
16.08.2021 13:55:22.344 0 DEBUG    0x00003458 StaticFileController: cache timeout=60000, size=1000000
16.08.2021 13:55:22.344 0 DEBUG    0x00003458 RequestMapper: created
16.08.2021 13:55:25.508 0 DEBUG    0x00003458 HttpListener: Listening on port 8080
16.08.2021 13:55:25.508 1 WARNING  0x00003458 Application has started
16.08.2021 13:56:51.405 0 DEBUG    0x000045ec TemplateLoader: path=C:/Users/beerR2600/YandexDisk/QtWebApp/QTWebApp-Lemmatizer/Demo1/etc/templates, codec=UTF-8
16.08.2021 13:56:51.405 0 DEBUG    0x000045ec TemplateCache: timeout=60000, size=1000000
16.08.2021 13:56:51.405 0 DEBUG    0x000045ec HttpSessionStore: Sessions expire after 3600000 milliseconds
16.08.2021 13:56:51.406 0 DEBUG    0x000045ec StaticFileController: docroot=C:/Users/beerR2600/YandexDisk/QtWebApp/QTWebApp-Lemmatizer/Demo1/etc/docroot, encoding=UTF-8, maxAge=60000
16.08.2021 13:56:51.406 0 DEBUG    0x000045ec StaticFileController: cache timeout=60000, size=1000000
16.08.2021 13:56:51.406 0 DEBUG    0x000045ec RequestMapper: created
16.08.2021 13:56:51.457 0 DEBUG    0x000045ec HttpListener: Listening on port 8080
16.08.2021 13:56:51.457 1 WARNING  0x000045ec Application has started
16.08.2021 14:02:34.511 0 DEBUG    0x0000437c TemplateLoader: path=C:/Users/beerR2600/YandexDisk/QtWebApp/QTWebApp-Lemmatizer/Demo1/etc/templates, codec=UTF-8
16.08.2021 14:02:34.511 0 DEBUG    0x0000437c TemplateCache: timeout=60000, size=1000000
16.08.2021 14:02:34.512 0 DEBUG    0x0000437c HttpSessionStore: Sessions expire after 3600000 milliseconds
16.08.2021 14:02:34.512 0 DEBUG    0x0000437c StaticFileController: docroot=C:/Users/beerR2600/YandexDisk/QtWebApp/QTWebApp-Lemmatizer/Demo1/etc/docroot, encoding=UTF-8, maxAge=60000
16.08.2021 14:02:34.512 0 DEBUG    0x0000437c StaticFileController: cache timeout=60000, size=1000000
16.08.2021 14:02:34.512 0 DEBUG    0x0000437c RequestMapper: created
16.08.2021 14:02:34.564 0 DEBUG    0x0000437c HttpListener: Listening on port 8080
16.08.2021 14:02:34.564 1 WARNING  0x0000437c Application has started
16.08.2021 14:05:04.766 0 DEBUG    0x000029f8 TemplateLoader: path=C:/Users/beerR2600/YandexDisk/QtWebApp/QTWebApp-Lemmatizer/Demo1/etc/templates, codec=UTF-8
16.08.2021 14:05:04.766 0 DEBUG    0x000029f8 TemplateCache: timeout=60000, size=1000000
16.08.2021 14:05:04.767 0 DEBUG    0x000029f8 HttpSessionStore: Sessions expire after 3600000 milliseconds
16.08.2021 14:05:04.767 0 DEBUG    0x000029f8 StaticFileController: docroot=C:/Users/beerR2600/YandexDisk/QtWebApp/QTWebApp-Lemmatizer/Demo1/etc/docroot, encoding=UTF-8, maxAge=60000
16.08.2021 14:05:04.767 0 DEBUG    0x000029f8 StaticFileController: cache timeout=60000, size=1000000
16.08.2021 14:05:04.767 0 DEBUG    0x000029f8 RequestMapper: created
16.08.2021 14:05:04.815 0 DEBUG    0x000029f8 HttpListener: Listening on port 8080
16.08.2021 14:05:04.815 1 WARNING  0x000029f8 Application has started
16.08.2021 14:05:54.786 0 DEBUG    0x0000434c TemplateLoader: path=C:/Users/beerR2600/YandexDisk/QtWebApp/QTWebApp-Lemmatizer/Demo1/etc/templates, codec=UTF-8
16.08.2021 14:05:54.786 0 DEBUG    0x0000434c TemplateCache: timeout=60000, size=1000000
16.08.2021 14:05:54.787 0 DEBUG    0x0000434c HttpSessionStore: Sessions expire after 3600000 milliseconds
16.08.2021 14:05:54.787 0 DEBUG    0x0000434c StaticFileController: docroot=C:/Users/beerR2600/YandexDisk/QtWebApp/QTWebApp-Lemmatizer/Demo1/etc/docroot, encoding=UTF-8, maxAge=60000
16.08.2021 14:05:54.787 0 DEBUG    0x0000434c StaticFileController: cache timeout=60000, size=1000000
16.08.2021 14:05:54.787 0 DEBUG    0x0000434c RequestMapper: created
16.08.2021 14:05:57.645 0 DEBUG    0x0000434c HttpListener: Listening on port 8080
16.08.2021 14:05:57.645 1 WARNING  0x0000434c Application has started
16.08.2021 14:07:56.166 0 DEBUG    0x00004044 TemplateLoader: path=C:/Users/beerR2600/YandexDisk/QtWebApp/QTWebApp-Lemmatizer/Demo1/etc/templates, codec=UTF-8
16.08.2021 14:07:56.166 0 DEBUG    0x00004044 TemplateCache: timeout=60000, size=1000000
16.08.2021 14:07:56.166 0 DEBUG    0x00004044 HttpSessionStore: Sessions expire after 3600000 milliseconds
16.08.2021 14:07:56.167 0 DEBUG    0x00004044 StaticFileController: docroot=C:/Users/beerR2600/YandexDisk/QtWebApp/QTWebApp-Lemmatizer/Demo1/etc/docroot, encoding=UTF-8, maxAge=60000
16.08.2021 14:07:56.167 0 DEBUG    0x00004044 StaticFileController: cache timeout=60000, size=1000000
16.08.2021 14:07:56.167 0 DEBUG    0x00004044 RequestMapper: created
16.08.2021 14:07:59.374 0 DEBUG    0x00004044 HttpListener: Listening on port 8080
16.08.2021 14:07:59.374 1 WARNING  0x00004044 Application has started
16.08.2021 14:10:49.200 0 DEBUG    0x000044a4 TemplateLoader: path=C:/Users/beerR2600/YandexDisk/QtWebApp/QTWebApp-Lemmatizer/Demo1/etc/templates, codec=UTF-8
16.08.2021 14:10:49.200 0 DEBUG    0x000044a4 TemplateCache: timeout=60000, size=1000000
16.08.2021 14:10:49.200 0 DEBUG    0x000044a4 HttpSessionStore: Sessions expire after 3600000 milliseconds
16.08.2021 14:10:49.200 0 DEBUG    0x000044a4 StaticFileController: docroot=C:/Users/beerR2600/YandexDisk/QtWebApp/QTWebApp-Lemmatizer/Demo1/etc/docroot, encoding=UTF-8, maxAge=60000
16.08.2021 14:10:49.200 0 DEBUG    0x000044a4 StaticFileController: cache timeout=60000, size=1000000
16.08.2021 14:10:49.201 0 DEBUG    0x000044a4 RequestMapper: created
16.08.2021 14:10:52.233 0 DEBUG    0x000044a4 HttpListener: Listening on port 8080
16.08.2021 14:10:52.233 1 WARNING  0x000044a4 Application has started
16.08.2021 14:18:56.194 0 DEBUG    0x000032b4 TemplateLoader: path=C:/Users/beerR2600/YandexDisk/QtWebApp/QTWebApp-Lemmatizer/Demo1/etc/templates, codec=UTF-8
16.08.2021 14:18:56.194 0 DEBUG    0x000032b4 TemplateCache: timeout=60000, size=1000000
16.08.2021 14:18:56.194 0 DEBUG    0x000032b4 HttpSessionStore: Sessions expire after 3600000 milliseconds
16.08.2021 14:18:56.195 0 DEBUG    0x000032b4 StaticFileController: docroot=C:/Users/beerR2600/YandexDisk/QtWebApp/QTWebApp-Lemmatizer/Demo1/etc/docroot, encoding=UTF-8, maxAge=60000
16.08.2021 14:18:56.195 0 DEBUG    0x000032b4 StaticFileController: cache timeout=60000, size=1000000
16.08.2021 14:18:56.195 0 DEBUG    0x000032b4 RequestMapper: created
16.08.2021 14:18:56.243 0 DEBUG    0x000032b4 HttpListener: Listening on port 8080
16.08.2021 14:18:56.243 1 WARNING  0x000032b4 Application has started
16.08.2021 14:38:57.039 0 DEBUG    0x0000384c TemplateLoader: path=C:/Users/beerR2600/YandexDisk/QtWebApp/QTWebApp-Lemmatizer/Demo1/etc/templates, codec=UTF-8
16.08.2021 14:38:57.039 0 DEBUG    0x0000384c TemplateCache: timeout=60000, size=1000000
16.08.2021 14:38:57.042 0 DEBUG    0x0000384c HttpSessionStore: Sessions expire after 3600000 milliseconds
16.08.2021 14:38:57.043 0 DEBUG    0x0000384c StaticFileController: docroot=C:/Users/beerR2600/YandexDisk/QtWebApp/QTWebApp-Lemmatizer/Demo1/etc/docroot, encoding=UTF-8, maxAge=60000
16.08.2021 14:38:57.043 0 DEBUG    0x0000384c StaticFileController: cache timeout=60000, size=1000000
16.08.2021 14:38:57.043 0 DEBUG    0x0000384c RequestMapper: created
16.08.2021 14:38:57.122 0 DEBUG    0x0000384c HttpListener: Listening on port 8080
16.08.2021 14:38:57.122 1 WARNING  0x0000384c Application has started
20.08.2021 13:08:59.629 0 DEBUG    0x000049fc TemplateLoader: path=C:/Users/beerR2600/YandexDisk/QtWebApp/QTWebApp-Lemmatizer/Demo1/etc/templates, codec=UTF-8
20.08.2021 13:08:59.629 0 DEBUG    0x000049fc TemplateCache: timeout=60000, size=1000000
20.08.2021 13:08:59.633 0 DEBUG    0x000049fc HttpSessionStore: Sessions expire after 3600000 milliseconds
20.08.2021 13:08:59.633 0 DEBUG    0x000049fc StaticFileController: docroot=C:/Users/beerR2600/YandexDisk/QtWebApp/QTWebApp-Lemmatizer/Demo1/etc/docroot, encoding=UTF-8, maxAge=60000
20.08.2021 13:08:59.633 0 DEBUG    0x000049fc StaticFileController: cache timeout=60000, size=1000000
20.08.2021 13:08:59.633 0 DEBUG    0x000049fc RequestMapper: created
20.08.2021 13:08:59.695 0 DEBUG    0x000049fc HttpListener: Listening on port 8080
20.08.2021 13:08:59.695 1 WARNING  0x000049fc Application has started
20.08.2021 13:14:36.088 0 DEBUG    0x000020e0 TemplateLoader: path=C:/Users/beerR2600/YandexDisk/QtWebApp/QTWebApp-Lemmatizer/Demo1/etc/templates, codec=UTF-8
20.08.2021 13:14:36.088 0 DEBUG    0x000020e0 TemplateCache: timeout=60000, size=1000000
20.08.2021 13:14:36.088 0 DEBUG    0x000020e0 HttpSessionStore: Sessions expire after 3600000 milliseconds
20.08.2021 13:14:36.088 0 DEBUG    0x000020e0 StaticFileController: docroot=C:/Users/beerR2600/YandexDisk/QtWebApp/QTWebApp-Lemmatizer/Demo1/etc/docroot, encoding=UTF-8, maxAge=60000
20.08.2021 13:14:36.088 0 DEBUG    0x000020e0 StaticFileController: cache timeout=60000, size=1000000
20.08.2021 13:14:36.088 0 DEBUG    0x000020e0 RequestMapper: created
20.08.2021 13:14:36.140 0 DEBUG    0x000020e0 HttpListener: Listening on port 8080
20.08.2021 13:14:36.140 1 WARNING  0x000020e0 Application has started
20.08.2021 13:14:40.431 0 DEBUG    0x0000123c HttpConnectionHandler (0x26e391bc880): handle new connection
20.08.2021 13:14:40.432 0 DEBUG    0x0000123c HttpRequest: from ::ffff:78.132.195.186: GET / HTTP/1.1
20.08.2021 13:14:40.432 0 DEBUG    0x0000123c HttpConnectionHandler (0x26e391bc880): received request
20.08.2021 13:14:40.438 0 DEBUG    0x0000123c HttpConnectionHandler (0x26e391bc880): finished request
20.08.2021 13:14:40.533 0 DEBUG    0x0000123c HttpRequest: from ::ffff:78.132.195.186: GET /favicon.ico HTTP/1.1
20.08.2021 13:14:40.533 0 DEBUG    0x0000123c HttpConnectionHandler (0x26e391bc880): received request
20.08.2021 13:14:40.533 0 DEBUG    0x0000123c HttpConnectionHandler (0x26e391bc880): finished request
20.08.2021 13:15:02.192 0 DEBUG    0x0000123c HttpRequest: from ::ffff:78.132.195.186: POST / HTTP/1.1
20.08.2021 13:15:02.192 1 WARNING  0x0000123c HttpRequest: expected body is too large
20.08.2021 13:15:48.576 0 DEBUG    0x00004aac TemplateLoader: path=C:/Users/beerR2600/YandexDisk/QtWebApp/QTWebApp-Lemmatizer/Demo1/etc/templates, codec=UTF-8
20.08.2021 13:15:48.576 0 DEBUG    0x00004aac TemplateCache: timeout=60000, size=1000000
20.08.2021 13:15:48.576 0 DEBUG    0x00004aac HttpSessionStore: Sessions expire after 3600000 milliseconds
20.08.2021 13:15:48.576 0 DEBUG    0x00004aac StaticFileController: docroot=C:/Users/beerR2600/YandexDisk/QtWebApp/QTWebApp-Lemmatizer/Demo1/etc/docroot, encoding=UTF-8, maxAge=60000
20.08.2021 13:15:48.576 0 DEBUG    0x00004aac StaticFileController: cache timeout=60000, size=1000000
20.08.2021 13:15:48.576 0 DEBUG    0x00004aac RequestMapper: created
20.08.2021 13:15:48.640 0 DEBUG    0x00004aac HttpListener: Listening on port 8080
20.08.2021 13:15:48.640 1 WARNING  0x00004aac Application has started
20.08.2021 13:17:16.395 0 DEBUG    0x00002d68 TemplateLoader: path=C:/Users/beerR2600/YandexDisk/QtWebApp/QTWebApp-Lemmatizer/Demo1/etc/templates, codec=UTF-8
20.08.2021 13:17:16.395 0 DEBUG    0x00002d68 TemplateCache: timeout=60000, size=1000000
20.08.2021 13:17:16.395 0 DEBUG    0x00002d68 HttpSessionStore: Sessions expire after 3600000 milliseconds
20.08.2021 13:17:16.396 0 DEBUG    0x00002d68 StaticFileController: docroot=C:/Users/beerR2600/YandexDisk/QtWebApp/QTWebApp-Lemmatizer/Demo1/etc/docroot, encoding=UTF-8, maxAge=60000
20.08.2021 13:17:16.396 0 DEBUG    0x00002d68 StaticFileController: cache timeout=60000, size=1000000
20.08.2021 13:17:16.396 0 DEBUG    0x00002d68 RequestMapper: created
20.08.2021 13:17:16.453 0 DEBUG    0x00002d68 HttpListener: Listening on port 8080
20.08.2021 13:17:16.453 1 WARNING  0x00002d68 Application has started
20.08.2021 13:31:37.172 0 DEBUG    0x00004664 TemplateLoader: path=C:/Users/beerR2600/YandexDisk/QtWebApp/QTWebApp-Lemmatizer/Demo1/etc/templates, codec=UTF-8
20.08.2021 13:31:37.172 0 DEBUG    0x00004664 TemplateCache: timeout=60000, size=1000000
20.08.2021 13:31:37.172 0 DEBUG    0x00004664 HttpSessionStore: Sessions expire after 3600000 milliseconds
20.08.2021 13:31:37.172 0 DEBUG    0x00004664 StaticFileController: docroot=C:/Users/beerR2600/YandexDisk/QtWebApp/QTWebApp-Lemmatizer/Demo1/etc/docroot, encoding=UTF-8, maxAge=60000
20.08.2021 13:31:37.172 0 DEBUG    0x00004664 StaticFileController: cache timeout=60000, size=1000000
20.08.2021 13:31:37.172 0 DEBUG    0x00004664 RequestMapper: created
20.08.2021 13:31:37.239 0 DEBUG    0x00004664 HttpListener: Listening on port 8080
20.08.2021 13:31:37.239 1 WARNING  0x00004664 Application has started
20.08.2021 13:34:18.867 0 DEBUG    0x000046d4 TemplateLoader: path=C:/Users/beerR2600/YandexDisk/QtWebApp/QTWebApp-Lemmatizer/Demo1/etc/templates, codec=UTF-8
20.08.2021 13:34:18.867 0 DEBUG    0x000046d4 TemplateCache: timeout=60000, size=1000000
20.08.2021 13:34:18.867 0 DEBUG    0x000046d4 HttpSessionStore: Sessions expire after 3600000 milliseconds
20.08.2021 13:34:18.867 0 DEBUG    0x000046d4 StaticFileController: docroot=C:/Users/beerR2600/YandexDisk/QtWebApp/QTWebApp-Lemmatizer/Demo1/etc/docroot, encoding=UTF-8, maxAge=60000
20.08.2021 13:34:18.867 0 DEBUG    0x000046d4 StaticFileController: cache timeout=60000, size=1000000
20.08.2021 13:34:18.867 0 DEBUG    0x000046d4 RequestMapper: created
20.08.2021 13:34:18.928 0 DEBUG    0x000046d4 HttpListener: Listening on port 8080
20.08.2021 13:34:18.928 1 WARNING  0x000046d4 Application has started
